<?xml version="1.0" encoding="utf-8"?><testsuites name="pytest tests"><testsuite name="pytest" errors="0" failures="0" skipped="193" tests="904" time="199.755" timestamp="2026-06-29T20:07:10.629659-03:00" hostname="V360-PE0DQF6G"><testcase classname="tests.apps.app.commands.test_new.TestModuleExists" name="test_module_exists" time="0.004" /><testcase classname="tests.apps.app.commands.test_new.TestNewApp" name="test_new" time="0.023" /><testcase classname="tests.apps.app.commands.test_new.TestNewApp" name="test_new_with_clashing_name" time="0.002" /><testcase classname="tests.apps.app.commands.test_new.TestValidateAppName" name="test_validate_app_name" time="0.001" /><testcase classname="tests.apps.app.commands.test_new.TestGetAppIdentifier" name="test_get_app_module" time="0.001" /><testcase classname="tests.apps.app.commands.test_show_all.TestShowAll" name="test_show_all" time="0.006" /><testcase classname="tests.apps.asgi.commands.test_new.TestNewApp" name="test_new" time="2.620" /><testcase classname="tests.apps.asgi.commands.test_new.TestNewAppRuns" name="test_new" time="155.792" /><testcase classname="tests.apps.fixtures.commands.test_dump_load.TestDumpLoad" name="test_dump_load" time="0.179" /><testcase classname="tests.apps.fixtures.commands.test_dump_load.TestDumpLoad" name="test_dump_load_cockroach" time="0.001"><skipped type="pytest.skip" message="Not running for sqlite">/home/wania/Documentos/git-workspace/piccolo/tests/apps/fixtures/commands/test_dump_load.py:162: Not running for sqlite</skipped></testcase><testcase classname="tests.apps.fixtures.commands.test_dump_load.TestDumpLoad" name="test_dump_load_ordering" time="0.077" /><testcase classname="tests.apps.fixtures.commands.test_dump_load.TestOnConflict" name="test_on_conflict" time="0.029" /><testcase classname="tests.apps.fixtures.commands.test_shared.TestShared" name="test_shared" time="0.015" /><testcase classname="tests.apps.meta.commands.test_version.TestVersion" name="test_version" time="0.002" /><testcase classname="tests.apps.migrations.auto.integration.test_migrations.TestMigrations" name="test_array_base_column_change" time="0.000"><skipped type="pytest.skip" message="Not running for sqlite">/home/wania/Documentos/git-workspace/piccolo/tests/apps/migrations/auto/integration/test_migrations.py:733: Not running for sqlite</skipped></testcase><testcase classname="tests.apps.migrations.auto.integration.test_migrations.TestMigrations" name="test_array_column_bigint" time="0.000"><skipped type="pytest.skip" message="Not running for sqlite">/home/wania/Documentos/git-workspace/piccolo/tests/apps/migrations/auto/integration/test_migrations.py:714: Not running for sqlite</skipped></testcase><testcase classname="tests.apps.migrations.auto.integration.test_migrations.TestMigrations" name="test_array_column_integer" time="0.000"><skipped type="pytest.skip" message="Not running for sqlite">/home/wania/Documentos/git-workspace/piccolo/tests/apps/migrations/auto/integration/test_migrations.py:655: Not running for sqlite</skipped></testcase><testcase classname="tests.apps.migrations.auto.integration.test_migrations.TestMigrations" name="test_array_column_varchar" time="0.000"><skipped type="pytest.skip" message="Not running for sqlite">/home/wania/Documentos/git-workspace/piccolo/tests/apps/migrations/auto/integration/test_migrations.py:684: Not running for sqlite</skipped></testcase><testcase classname="tests.apps.migrations.auto.integration.test_migrations.TestMigrations" name="test_bigint_column" time="0.001"><skipped type="pytest.skip" message="Not running for sqlite">/home/wania/Documentos/git-workspace/piccolo/tests/apps/migrations/auto/integration/test_migrations.py:412: Not running for sqlite</skipped></testcase><testcase classname="tests.apps.migrations.auto.integration.test_migrations.TestMigrations" name="test_boolean_column" time="0.000"><skipped type="pytest.skip" message="Not running for sqlite">/home/wania/Documentos/git-workspace/piccolo/tests/apps/migrations/auto/integration/test_migrations.py:580: Not running for sqlite</skipped></testcase><testcase classname="tests.apps.migrations.auto.integration.test_migrations.TestMigrations" name="test_char_column" time="0.000"><skipped type="pytest.skip" message="Not running for sqlite">/home/wania/Documentos/git-workspace/piccolo/tests/apps/migrations/auto/integration/test_migrations.py:275: Not running for sqlite</skipped></testcase><testcase classname="tests.apps.migrations.auto.integration.test_migrations.TestMigrations" name="test_column_type_conversion_float_decimal" time="0.000"><skipped type="pytest.skip" message="Not running for sqlite">/home/wania/Documentos/git-workspace/piccolo/tests/apps/migrations/auto/integration/test_migrations.py:918: Not running for sqlite</skipped></testcase><testcase classname="tests.apps.migrations.auto.integration.test_migrations.TestMigrations" name="test_column_type_conversion_integer" time="0.000"><skipped type="pytest.skip" message="Not running for sqlite">/home/wania/Documentos/git-workspace/piccolo/tests/apps/migrations/auto/integration/test_migrations.py:884: Not running for sqlite</skipped></testcase><testcase classname="tests.apps.migrations.auto.integration.test_migrations.TestMigrations" name="test_column_type_conversion_integer_float" time="0.000"><skipped type="pytest.skip" message="Not running for sqlite">/home/wania/Documentos/git-workspace/piccolo/tests/apps/migrations/auto/integration/test_migrations.py:936: Not running for sqlite</skipped></testcase><testcase classname="tests.apps.migrations.auto.integration.test_migrations.TestMigrations" name="test_column_type_conversion_json" time="0.000"><skipped type="pytest.skip" message="Not running for sqlite">/home/wania/Documentos/git-workspace/piccolo/tests/apps/migrations/auto/integration/test_migrations.py:955: Not running for sqlite</skipped></testcase><testcase classname="tests.apps.migrations.auto.integration.test_migrations.TestMigrations" name="test_column_type_conversion_serial" time="0.000"><skipped type="pytest.skip" message="Not running for sqlite">/home/wania/Documentos/git-workspace/piccolo/tests/apps/migrations/auto/integration/test_migrations.py:979: Not running for sqlite</skipped></testcase><testcase classname="tests.apps.migrations.auto.integration.test_migrations.TestMigrations" name="test_column_type_conversion_string" time="0.000"><skipped type="pytest.skip" message="Not running for sqlite">/home/wania/Documentos/git-workspace/piccolo/tests/apps/migrations/auto/integration/test_migrations.py:868: Not running for sqlite</skipped></testcase><testcase classname="tests.apps.migrations.auto.integration.test_migrations.TestMigrations" name="test_column_type_conversion_string_to_integer" time="0.000"><skipped type="pytest.skip" message="Not running for sqlite">/home/wania/Documentos/git-workspace/piccolo/tests/apps/migrations/auto/integration/test_migrations.py:902: Not running for sqlite</skipped></testcase><testcase classname="tests.apps.migrations.auto.integration.test_migrations.TestMigrations" name="test_column_type_conversion_timestamp" time="0.000"><skipped type="pytest.skip" message="Not running for sqlite">/home/wania/Documentos/git-workspace/piccolo/tests/apps/migrations/auto/integration/test_migrations.py:967: Not running for sqlite</skipped></testcase><testcase classname="tests.apps.migrations.auto.integration.test_migrations.TestMigrations" name="test_date_column" time="0.000"><skipped type="pytest.skip" message="Not running for sqlite">/home/wania/Documentos/git-workspace/piccolo/tests/apps/migrations/auto/integration/test_migrations.py:523: Not running for sqlite</skipped></testcase><testcase classname="tests.apps.migrations.auto.integration.test_migrations.TestMigrations" name="test_db_column_name" time="0.000"><skipped type="pytest.skip" message="Not running for sqlite">/home/wania/Documentos/git-workspace/piccolo/tests/apps/migrations/auto/integration/test_migrations.py:813: Not running for sqlite</skipped></testcase><testcase classname="tests.apps.migrations.auto.integration.test_migrations.TestMigrations" name="test_db_column_name_initial" time="0.000"><skipped type="pytest.skip" message="Not running for sqlite">/home/wania/Documentos/git-workspace/piccolo/tests/apps/migrations/auto/integration/test_migrations.py:838: Not running for sqlite</skipped></testcase><testcase classname="tests.apps.migrations.auto.integration.test_migrations.TestMigrations" name="test_decimal_column" time="0.000"><skipped type="pytest.skip" message="Not running for sqlite">/home/wania/Documentos/git-workspace/piccolo/tests/apps/migrations/auto/integration/test_migrations.py:629: Not running for sqlite</skipped></testcase><testcase classname="tests.apps.migrations.auto.integration.test_migrations.TestMigrations" name="test_double_precision_column" time="0.000"><skipped type="pytest.skip" message="Not running for sqlite">/home/wania/Documentos/git-workspace/piccolo/tests/apps/migrations/auto/integration/test_migrations.py:367: Not running for sqlite</skipped></testcase><testcase classname="tests.apps.migrations.auto.integration.test_migrations.TestMigrations" name="test_integer_column" time="0.000"><skipped type="pytest.skip" message="Not running for sqlite">/home/wania/Documentos/git-workspace/piccolo/tests/apps/migrations/auto/integration/test_migrations.py:322: Not running for sqlite</skipped></testcase><testcase classname="tests.apps.migrations.auto.integration.test_migrations.TestMigrations" name="test_interval_column" time="0.000"><skipped type="pytest.skip" message="Not running for sqlite">/home/wania/Documentos/git-workspace/piccolo/tests/apps/migrations/auto/integration/test_migrations.py:552: Not running for sqlite</skipped></testcase><testcase classname="tests.apps.migrations.auto.integration.test_migrations.TestMigrations" name="test_json_column" time="0.000"><skipped type="pytest.skip" message="Not running for sqlite">/home/wania/Documentos/git-workspace/piccolo/tests/apps/migrations/auto/integration/test_migrations.py:758: Not running for sqlite</skipped></testcase><testcase classname="tests.apps.migrations.auto.integration.test_migrations.TestMigrations" name="test_jsonb_column" time="0.000"><skipped type="pytest.skip" message="Not running for sqlite">/home/wania/Documentos/git-workspace/piccolo/tests/apps/migrations/auto/integration/test_migrations.py:784: Not running for sqlite</skipped></testcase><testcase classname="tests.apps.migrations.auto.integration.test_migrations.TestMigrations" name="test_numeric_column" time="0.000"><skipped type="pytest.skip" message="Not running for sqlite">/home/wania/Documentos/git-workspace/piccolo/tests/apps/migrations/auto/integration/test_migrations.py:603: Not running for sqlite</skipped></testcase><testcase classname="tests.apps.migrations.auto.integration.test_migrations.TestMigrations" name="test_real_column" time="0.000"><skipped type="pytest.skip" message="Not running for sqlite">/home/wania/Documentos/git-workspace/piccolo/tests/apps/migrations/auto/integration/test_migrations.py:345: Not running for sqlite</skipped></testcase><testcase classname="tests.apps.migrations.auto.integration.test_migrations.TestMigrations" name="test_smallint_column" time="0.000"><skipped type="pytest.skip" message="Not running for sqlite">/home/wania/Documentos/git-workspace/piccolo/tests/apps/migrations/auto/integration/test_migrations.py:389: Not running for sqlite</skipped></testcase><testcase classname="tests.apps.migrations.auto.integration.test_migrations.TestMigrations" name="test_text_column" time="0.000"><skipped type="pytest.skip" message="Not running for sqlite">/home/wania/Documentos/git-workspace/piccolo/tests/apps/migrations/auto/integration/test_migrations.py:294: Not running for sqlite</skipped></testcase><testcase classname="tests.apps.migrations.auto.integration.test_migrations.TestMigrations" name="test_time_column" time="0.001"><skipped type="pytest.skip" message="Not running for sqlite">/home/wania/Documentos/git-workspace/piccolo/tests/apps/migrations/auto/integration/test_migrations.py:497: Not running for sqlite</skipped></testcase><testcase classname="tests.apps.migrations.auto.integration.test_migrations.TestMigrations" name="test_timestamp_column" time="0.000"><skipped type="pytest.skip" message="Not running for sqlite">/home/wania/Documentos/git-workspace/piccolo/tests/apps/migrations/auto/integration/test_migrations.py:465: Not running for sqlite</skipped></testcase><testcase classname="tests.apps.migrations.auto.integration.test_migrations.TestMigrations" name="test_uuid_column" time="0.000"><skipped type="pytest.skip" message="Not running for sqlite">/home/wania/Documentos/git-workspace/piccolo/tests/apps/migrations/auto/integration/test_migrations.py:435: Not running for sqlite</skipped></testcase><testcase classname="tests.apps.migrations.auto.integration.test_migrations.TestMigrations" name="test_varchar_column" time="0.000"><skipped type="pytest.skip" message="Not running for sqlite">/home/wania/Documentos/git-workspace/piccolo/tests/apps/migrations/auto/integration/test_migrations.py:249: Not running for sqlite</skipped></testcase><testcase classname="tests.apps.migrations.auto.integration.test_migrations.TestM2MMigrations" name="test_m2m" time="0.000"><skipped type="pytest.skip" message="Not running for sqlite">/home/wania/Documentos/git-workspace/piccolo/tests/apps/migrations/auto/integration/test_migrations.py:1028: Not running for sqlite</skipped></testcase><testcase classname="tests.apps.migrations.auto.integration.test_migrations.TestForeignKeys" name="test_foreign_keys" time="0.000"><skipped type="pytest.skip" message="Not running for sqlite">/home/wania/Documentos/git-workspace/piccolo/tests/apps/migrations/auto/integration/test_migrations.py:1067: Not running for sqlite</skipped></testcase><testcase classname="tests.apps.migrations.auto.integration.test_migrations.TestTargetColumn" name="test_target_column" time="0.000"><skipped type="pytest.skip" message="Not running for sqlite">/home/wania/Documentos/git-workspace/piccolo/tests/apps/migrations/auto/integration/test_migrations.py:1099: Not running for sqlite</skipped></testcase><testcase classname="tests.apps.migrations.auto.integration.test_migrations.TestForeignKeySelf" name="test_create_table" time="0.000"><skipped type="pytest.skip" message="Not running for sqlite">/home/wania/Documentos/git-workspace/piccolo/tests/apps/migrations/auto/integration/test_migrations.py:1139: Not running for sqlite</skipped></testcase><testcase classname="tests.apps.migrations.auto.integration.test_migrations.TestAddForeignKeySelf" name="test_add_column" time="0.001"><skipped type="pytest.skip" message="Not running for sqlite">/home/wania/Documentos/git-workspace/piccolo/tests/apps/migrations/auto/integration/test_migrations.py:1164: Not running for sqlite</skipped></testcase><testcase classname="tests.apps.migrations.auto.integration.test_migrations.TestSchemas" name="test_altering_table_in_schema" time="0.000"><skipped type="pytest.skip" message="Not running for sqlite">/home/wania/Documentos/git-workspace/piccolo/tests/apps/migrations/auto/integration/test_migrations.py:1328: Not running for sqlite</skipped></testcase><testcase classname="tests.apps.migrations.auto.integration.test_migrations.TestSchemas" name="test_create_table_in_schema" time="0.000"><skipped type="pytest.skip" message="Not running for sqlite">/home/wania/Documentos/git-workspace/piccolo/tests/apps/migrations/auto/integration/test_migrations.py:1222: Not running for sqlite</skipped></testcase><testcase classname="tests.apps.migrations.auto.integration.test_migrations.TestSchemas" name="test_move_table_from_public_schema" time="0.000"><skipped type="pytest.skip" message="Not running for sqlite">/home/wania/Documentos/git-workspace/piccolo/tests/apps/migrations/auto/integration/test_migrations.py:1253: Not running for sqlite</skipped></testcase><testcase classname="tests.apps.migrations.auto.integration.test_migrations.TestSchemas" name="test_move_table_to_public_schema" time="0.000"><skipped type="pytest.skip" message="Not running for sqlite">/home/wania/Documentos/git-workspace/piccolo/tests/apps/migrations/auto/integration/test_migrations.py:1297: Not running for sqlite</skipped></testcase><testcase classname="tests.apps.migrations.auto.integration.test_migrations.TestSameTableName" name="test_schemas" time="0.000"><skipped type="pytest.skip" message="Not running for sqlite">/home/wania/Documentos/git-workspace/piccolo/tests/apps/migrations/auto/integration/test_migrations.py:1425: Not running for sqlite</skipped></testcase><testcase classname="tests.apps.migrations.auto.integration.test_migrations.TestForeignKeyWithSchema" name="test_foreign_key" time="0.000"><skipped type="pytest.skip" message="Not running for sqlite">/home/wania/Documentos/git-workspace/piccolo/tests/apps/migrations/auto/integration/test_migrations.py:1478: Not running for sqlite</skipped></testcase><testcase classname="tests.apps.migrations.auto.integration.test_migrations.TestRenameTable" name="test_rename_table" time="0.000"><skipped type="pytest.skip" message="Not running for sqlite">/home/wania/Documentos/git-workspace/piccolo/tests/apps/migrations/auto/integration/test_migrations.py:1519: Not running for sqlite</skipped></testcase><testcase classname="tests.apps.migrations.auto.test_diffable_table.TestCompareDicts" name="test_dict_value" time="0.003" /><testcase classname="tests.apps.migrations.auto.test_diffable_table.TestCompareDicts" name="test_enum_values" time="0.001" /><testcase classname="tests.apps.migrations.auto.test_diffable_table.TestCompareDicts" name="test_list_value" time="0.001" /><testcase classname="tests.apps.migrations.auto.test_diffable_table.TestCompareDicts" name="test_missing_keys" time="0.001" /><testcase classname="tests.apps.migrations.auto.test_diffable_table.TestCompareDicts" name="test_none_values" time="0.001" /><testcase classname="tests.apps.migrations.auto.test_diffable_table.TestCompareDicts" name="test_numeric_values" time="0.001" /><testcase classname="tests.apps.migrations.auto.test_diffable_table.TestCompareDicts" name="test_simple" time="0.001" /><testcase classname="tests.apps.migrations.auto.test_diffable_table.TestDiffableTable" name="test_subtract" time="0.002" /><testcase classname="tests.apps.migrations.auto.test_migration_manager.TestSortTableClasses" name="test_long_chain" time="0.003" /><testcase classname="tests.apps.migrations.auto.test_migration_manager.TestSortTableClasses" name="test_recursive_table" time="0.002" /><testcase classname="tests.apps.migrations.auto.test_migration_manager.TestSortTableClasses" name="test_single_table" time="0.001" /><testcase classname="tests.apps.migrations.auto.test_migration_manager.TestSortTableClasses" name="test_sort_table_classes" time="0.001" /><testcase classname="tests.apps.migrations.auto.test_migration_manager.TestSortTableClasses" name="test_sort_unrelated_tables" time="0.001" /><testcase classname="tests.apps.migrations.auto.test_migration_manager.TestMigrationManager" name="test_add_column" time="0.000"><skipped type="pytest.skip" message="Not running for sqlite">/home/wania/Documentos/git-workspace/piccolo/tests/apps/migrations/auto/test_migration_manager.py:273: Not running for sqlite</skipped></testcase><testcase classname="tests.apps.migrations.auto.test_migration_manager.TestMigrationManager" name="test_add_column_with_index" time="0.000"><skipped type="pytest.skip" message="Not running for sqlite">/home/wania/Documentos/git-workspace/piccolo/tests/apps/migrations/auto/test_migration_manager.py:341: Not running for sqlite</skipped></testcase><testcase classname="tests.apps.migrations.auto.test_migration_manager.TestMigrationManager" name="test_add_foreign_key_self_column" time="0.000"><skipped type="pytest.skip" message="Not running for sqlite">/home/wania/Documentos/git-workspace/piccolo/tests/apps/migrations/auto/test_migration_manager.py:384: Not running for sqlite</skipped></testcase><testcase classname="tests.apps.migrations.auto.test_migration_manager.TestMigrationManager" name="test_add_foreign_key_self_column_alt" time="0.000"><skipped type="pytest.skip" message="Not running for sqlite">/home/wania/Documentos/git-workspace/piccolo/tests/apps/migrations/auto/test_migration_manager.py:430: Not running for sqlite</skipped></testcase><testcase classname="tests.apps.migrations.auto.test_migration_manager.TestMigrationManager" name="test_add_non_nullable_column" time="0.001"><skipped type="pytest.skip" message="Not running for sqlite">/home/wania/Documentos/git-workspace/piccolo/tests/apps/migrations/auto/test_migration_manager.py:484: Not running for sqlite</skipped></testcase><testcase classname="tests.apps.migrations.auto.test_migration_manager.TestMigrationManager" name="test_add_table" time="0.001"><skipped type="pytest.skip" message="Not running for sqlite">/home/wania/Documentos/git-workspace/piccolo/tests/apps/migrations/auto/test_migration_manager.py:214: Not running for sqlite</skipped></testcase><testcase classname="tests.apps.migrations.auto.test_migration_manager.TestMigrationManager" name="test_alter_column_add_index" time="0.001"><skipped type="pytest.skip" message="Not running for sqlite">/home/wania/Documentos/git-workspace/piccolo/tests/apps/migrations/auto/test_migration_manager.py:952: Not running for sqlite</skipped></testcase><testcase classname="tests.apps.migrations.auto.test_migration_manager.TestMigrationManager" name="test_alter_column_digits" time="0.001"><skipped type="pytest.skip" message="Not running for sqlite">/home/wania/Documentos/git-workspace/piccolo/tests/apps/migrations/auto/test_migration_manager.py:746: Not running for sqlite</skipped></testcase><testcase classname="tests.apps.migrations.auto.test_migration_manager.TestMigrationManager" name="test_alter_column_drop_default" time="0.001"><skipped type="pytest.skip" message="Not running for sqlite">/home/wania/Documentos/git-workspace/piccolo/tests/apps/migrations/auto/test_migration_manager.py:828: Not running for sqlite</skipped></testcase><testcase classname="tests.apps.migrations.auto.test_migration_manager.TestMigrationManager" name="test_alter_column_drop_default_alt" time="0.001"><skipped type="pytest.skip" message="Not running for sqlite">/home/wania/Documentos/git-workspace/piccolo/tests/apps/migrations/auto/test_migration_manager.py:890: Not running for sqlite</skipped></testcase><testcase classname="tests.apps.migrations.auto.test_migration_manager.TestMigrationManager" name="test_alter_column_set_default" time="0.001"><skipped type="pytest.skip" message="Not running for sqlite">/home/wania/Documentos/git-workspace/piccolo/tests/apps/migrations/auto/test_migration_manager.py:774: Not running for sqlite</skipped></testcase><testcase classname="tests.apps.migrations.auto.test_migration_manager.TestMigrationManager" name="test_alter_column_set_default_alt" time="0.001"><skipped type="pytest.skip" message="Not running for sqlite">/home/wania/Documentos/git-workspace/piccolo/tests/apps/migrations/auto/test_migration_manager.py:801: Not running for sqlite</skipped></testcase><testcase classname="tests.apps.migrations.auto.test_migration_manager.TestMigrationManager" name="test_alter_column_set_length" time="0.001"><skipped type="pytest.skip" message="Not running for sqlite">/home/wania/Documentos/git-workspace/piccolo/tests/apps/migrations/auto/test_migration_manager.py:1007: Not running for sqlite</skipped></testcase><testcase classname="tests.apps.migrations.auto.test_migration_manager.TestMigrationManager" name="test_alter_column_set_null" time="0.001"><skipped type="pytest.skip" message="Not running for sqlite">/home/wania/Documentos/git-workspace/piccolo/tests/apps/migrations/auto/test_migration_manager.py:698: Not running for sqlite</skipped></testcase><testcase classname="tests.apps.migrations.auto.test_migration_manager.TestMigrationManager" name="test_alter_column_set_type" time="0.001"><skipped type="pytest.skip" message="Not running for sqlite">/home/wania/Documentos/git-workspace/piccolo/tests/apps/migrations/auto/test_migration_manager.py:978: Not running for sqlite</skipped></testcase><testcase classname="tests.apps.migrations.auto.test_migration_manager.TestMigrationManager" name="test_alter_column_unique" time="0.001"><skipped type="pytest.skip" message="Not running for sqlite">/home/wania/Documentos/git-workspace/piccolo/tests/apps/migrations/auto/test_migration_manager.py:666: Not running for sqlite</skipped></testcase><testcase classname="tests.apps.migrations.auto.test_migration_manager.TestMigrationManager" name="test_alter_fk_on_delete_on_update" time="0.001"><skipped type="pytest.skip" message="Not running for sqlite">/home/wania/Documentos/git-workspace/piccolo/tests/apps/migrations/auto/test_migration_manager.py:618: Not running for sqlite</skipped></testcase><testcase classname="tests.apps.migrations.auto.test_migration_manager.TestMigrationManager" name="test_change_table_schema" time="0.001"><skipped type="pytest.skip" message="Not running for sqlite">/home/wania/Documentos/git-workspace/piccolo/tests/apps/migrations/auto/test_migration_manager.py:1079: Not running for sqlite</skipped></testcase><testcase classname="tests.apps.migrations.auto.test_migration_manager.TestMigrationManager" name="test_drop_column" time="0.001"><skipped type="pytest.skip" message="Not running for sqlite">/home/wania/Documentos/git-workspace/piccolo/tests/apps/migrations/auto/test_migration_manager.py:511: Not running for sqlite</skipped></testcase><testcase classname="tests.apps.migrations.auto.test_migration_manager.TestMigrationManager" name="test_drop_table" time="0.001"><skipped type="pytest.skip" message="Not running for sqlite">/home/wania/Documentos/git-workspace/piccolo/tests/apps/migrations/auto/test_migration_manager.py:1041: Not running for sqlite</skipped></testcase><testcase classname="tests.apps.migrations.auto.test_migration_manager.TestMigrationManager" name="test_raw_coroutine" time="0.056" /><testcase classname="tests.apps.migrations.auto.test_migration_manager.TestMigrationManager" name="test_raw_function" time="0.041" /><testcase classname="tests.apps.migrations.auto.test_migration_manager.TestMigrationManager" name="test_rename_column" time="0.000"><skipped type="pytest.skip" message="Not running for sqlite">/home/wania/Documentos/git-workspace/piccolo/tests/apps/migrations/auto/test_migration_manager.py:119: Not running for sqlite</skipped></testcase><testcase classname="tests.apps.migrations.auto.test_migration_manager.TestMigrationManager" name="test_rename_table" time="0.000"><skipped type="pytest.skip" message="Not running for sqlite">/home/wania/Documentos/git-workspace/piccolo/tests/apps/migrations/auto/test_migration_manager.py:577: Not running for sqlite</skipped></testcase><testcase classname="tests.apps.migrations.auto.test_migration_manager.TestWrapInTransaction" name="test_disabled" time="0.006" /><testcase classname="tests.apps.migrations.auto.test_migration_manager.TestWrapInTransaction" name="test_enabled" time="0.008" /><testcase classname="tests.apps.migrations.auto.test_schema_differ.TestSchemaDiffer" name="test_add_column" time="0.003" /><testcase classname="tests.apps.migrations.auto.test_schema_differ.TestSchemaDiffer" name="test_add_table" time="0.001" /><testcase classname="tests.apps.migrations.auto.test_schema_differ.TestSchemaDiffer" name="test_alter_column_precision" time="0.003" /><testcase classname="tests.apps.migrations.auto.test_schema_differ.TestSchemaDiffer" name="test_alter_default" time="0.001" /><testcase classname="tests.apps.migrations.auto.test_schema_differ.TestSchemaDiffer" name="test_change_schema" time="0.001" /><testcase classname="tests.apps.migrations.auto.test_schema_differ.TestSchemaDiffer" name="test_db_column_name" time="0.002" /><testcase classname="tests.apps.migrations.auto.test_schema_differ.TestSchemaDiffer" name="test_drop_column" time="0.002" /><testcase classname="tests.apps.migrations.auto.test_schema_differ.TestSchemaDiffer" name="test_drop_table" time="0.001" /><testcase classname="tests.apps.migrations.auto.test_schema_differ.TestSchemaDiffer" name="test_rename_column" time="0.002" /><testcase classname="tests.apps.migrations.auto.test_schema_differ.TestSchemaDiffer" name="test_rename_multiple_columns" time="0.002" /><testcase classname="tests.apps.migrations.auto.test_schema_differ.TestSchemaDiffer" name="test_rename_some_columns" time="0.002" /><testcase classname="tests.apps.migrations.auto.test_schema_differ.TestSchemaDiffer" name="test_rename_table" time="0.001" /><testcase classname="tests.apps.migrations.auto.test_schema_differ.TestRenameTableCollection" name="test_renamed_from" time="0.001" /><testcase classname="tests.apps.migrations.auto.test_schema_differ.TestRenameTableCollection" name="test_was_renamed_from" time="0.001" /><testcase classname="tests.apps.migrations.auto.test_schema_differ.TestRenameColumnCollection" name="test_for_table_class_name" time="0.001" /><testcase classname="tests.apps.migrations.auto.test_schema_snapshot.TestSchemaSnaphot" name="test_add_column" time="0.001" /><testcase classname="tests.apps.migrations.auto.test_schema_snapshot.TestSchemaSnaphot" name="test_add_table" time="0.001" /><testcase classname="tests.apps.migrations.auto.test_schema_snapshot.TestSchemaSnaphot" name="test_alter_column" time="0.001" /><testcase classname="tests.apps.migrations.auto.test_schema_snapshot.TestSchemaSnaphot" name="test_drop_column" time="0.001" /><testcase classname="tests.apps.migrations.auto.test_schema_snapshot.TestSchemaSnaphot" name="test_drop_table" time="0.001" /><testcase classname="tests.apps.migrations.auto.test_schema_snapshot.TestSchemaSnaphot" name="test_get_table_from_snapshot" time="0.001" /><testcase classname="tests.apps.migrations.auto.test_schema_snapshot.TestSchemaSnaphot" name="test_rename_column" time="0.001" /><testcase classname="tests.apps.migrations.auto.test_schema_snapshot.TestSchemaSnaphot" name="test_rename_table" time="0.001" /><testcase classname="tests.apps.migrations.auto.test_serialisation.TestUniqueGlobalNamesMeta" name="test_duplicate_class_attribute_values_raises_error" time="0.001" /><testcase classname="tests.apps.migrations.auto.test_serialisation.TestUniqueGlobals" name="test_contains_column_types" time="0.001" /><testcase classname="tests.apps.migrations.auto.test_serialisation.TestUniqueGlobals" name="test_warn_if_is_conflicting_name" time="0.001" /><testcase classname="tests.apps.migrations.auto.test_serialisation.TestUniqueGlobals" name="test_is_conflicting_name" time="0.001" /><testcase classname="tests.apps.migrations.auto.test_serialisation.TestUniqueGlobals" name="test_warn_if_are_conflicting_objects" time="0.001" /><testcase classname="tests.apps.migrations.auto.test_serialisation.TestImport" name="test_with_module_only" time="0.001" /><testcase classname="tests.apps.migrations.auto.test_serialisation.TestImport" name="test_with_module_and_target" time="0.001" /><testcase classname="tests.apps.migrations.auto.test_serialisation.TestImport" name="test_warn_if_is_conflicting_with_global_name_with_module_only" time="0.001" /><testcase classname="tests.apps.migrations.auto.test_serialisation.TestImport" name="test_warn_if_is_conflicting_with_global_name_with_module_and_target" time="0.001" /><testcase classname="tests.apps.migrations.auto.test_serialisation.TestSerialiseParams" name="test_builtin_enum_instance" time="0.001" /><testcase classname="tests.apps.migrations.auto.test_serialisation.TestSerialiseParams" name="test_builtins" time="0.001" /><testcase classname="tests.apps.migrations.auto.test_serialisation.TestSerialiseParams" name="test_column_instance" time="0.001" /><testcase classname="tests.apps.migrations.auto.test_serialisation.TestSerialiseParams" name="test_custom_enum_instance" time="0.001" /><testcase classname="tests.apps.migrations.auto.test_serialisation.TestSerialiseParams" name="test_date" time="0.001" /><testcase classname="tests.apps.migrations.auto.test_serialisation.TestSerialiseParams" name="test_decimal" time="0.001" /><testcase classname="tests.apps.migrations.auto.test_serialisation.TestSerialiseParams" name="test_enum_type" time="0.001" /><testcase classname="tests.apps.migrations.auto.test_serialisation.TestSerialiseParams" name="test_function" time="0.001" /><testcase classname="tests.apps.migrations.auto.test_serialisation.TestSerialiseParams" name="test_lambda" time="0.001" /><testcase classname="tests.apps.migrations.auto.test_serialisation.TestSerialiseParams" name="test_lazy_table_reference" time="0.002" /><testcase classname="tests.apps.migrations.auto.test_serialisation.TestSerialiseParams" name="test_time" time="0.001" /><testcase classname="tests.apps.migrations.auto.test_serialisation.TestSerialiseParams" name="test_timestamp" time="0.001" /><testcase classname="tests.apps.migrations.auto.test_serialisation.TestSerialiseParams" name="test_uuid" time="0.001" /><testcase classname="tests.apps.migrations.commands.test_base.TestBaseMigrationManager" name="test_create_migration_table" time="0.015" /><testcase classname="tests.apps.migrations.commands.test_base.TestGetMigrationModules" name="test_get_migration_modules" time="0.007" /><testcase classname="tests.apps.migrations.commands.test_base.TestGetTableFromSnapshot" name="test_get_table_from_snapshot" time="0.002" /><testcase classname="tests.apps.migrations.commands.test_check.TestCheckMigrationCommand" name="test_check_migrations" time="0.030" /><testcase classname="tests.apps.migrations.commands.test_clean.TestCleanMigrationCommand" name="test_clean" time="0.039" /><testcase classname="tests.apps.migrations.commands.test_forwards_backwards.TestForwardsBackwards" name="test_backwards_no_migrations" time="0.001"><skipped type="pytest.skip" message="Not running for sqlite">/home/wania/Documentos/git-workspace/piccolo/tests/apps/migrations/commands/test_forwards_backwards.py:166: Not running for sqlite</skipped></testcase><testcase classname="tests.apps.migrations.commands.test_forwards_backwards.TestForwardsBackwards" name="test_backwards_unknown_migration" time="0.000"><skipped type="pytest.skip" message="Not running for sqlite">/home/wania/Documentos/git-workspace/piccolo/tests/apps/migrations/commands/test_forwards_backwards.py:144: Not running for sqlite</skipped></testcase><testcase classname="tests.apps.migrations.commands.test_forwards_backwards.TestForwardsBackwards" name="test_forwards_backwards_all_migrations" time="0.000"><skipped type="pytest.skip" message="Not running for sqlite">/home/wania/Documentos/git-workspace/piccolo/tests/apps/migrations/commands/test_forwards_backwards.py:49: Not running for sqlite</skipped></testcase><testcase classname="tests.apps.migrations.commands.test_forwards_backwards.TestForwardsBackwards" name="test_forwards_backwards_single_migration" time="0.001"><skipped type="pytest.skip" message="Not running for sqlite">/home/wania/Documentos/git-workspace/piccolo/tests/apps/migrations/commands/test_forwards_backwards.py:79: Not running for sqlite</skipped></testcase><testcase classname="tests.apps.migrations.commands.test_forwards_backwards.TestForwardsBackwards" name="test_forwards_fake" time="0.000"><skipped type="pytest.skip" message="Not running for sqlite">/home/wania/Documentos/git-workspace/piccolo/tests/apps/migrations/commands/test_forwards_backwards.py:194: Not running for sqlite</skipped></testcase><testcase classname="tests.apps.migrations.commands.test_forwards_backwards.TestForwardsBackwards" name="test_forwards_no_migrations" time="0.000"><skipped type="pytest.skip" message="Not running for sqlite">/home/wania/Documentos/git-workspace/piccolo/tests/apps/migrations/commands/test_forwards_backwards.py:182: Not running for sqlite</skipped></testcase><testcase classname="tests.apps.migrations.commands.test_forwards_backwards.TestForwardsBackwards" name="test_forwards_unknown_migration" time="0.000"><skipped type="pytest.skip" message="Not running for sqlite">/home/wania/Documentos/git-workspace/piccolo/tests/apps/migrations/commands/test_forwards_backwards.py:129: Not running for sqlite</skipped></testcase><testcase classname="tests.apps.migrations.commands.test_forwards_backwards.TestForwardsBackwards" name="test_hardcoded_fake_migrations" time="0.000"><skipped type="pytest.skip" message="Not running for sqlite">/home/wania/Documentos/git-workspace/piccolo/tests/apps/migrations/commands/test_forwards_backwards.py:224: Not running for sqlite</skipped></testcase><testcase classname="tests.apps.migrations.commands.test_new.TestNewMigrationCommand" name="test_auto" time="0.000"><skipped type="pytest.skip" message="Not running for sqlite">/home/wania/Documentos/git-workspace/piccolo/tests/apps/migrations/commands/test_new.py:47: Not running for sqlite</skipped></testcase><testcase classname="tests.apps.migrations.commands.test_new.TestNewMigrationCommand" name="test_auto_all" time="0.000"><skipped type="pytest.skip" message="Not running for sqlite">/home/wania/Documentos/git-workspace/piccolo/tests/apps/migrations/commands/test_new.py:64: Not running for sqlite</skipped></testcase><testcase classname="tests.apps.migrations.commands.test_new.TestNewMigrationCommand" name="test_auto_all_error" time="0.001"><skipped type="pytest.skip" message="Not running for sqlite">/home/wania/Documentos/git-workspace/piccolo/tests/apps/migrations/commands/test_new.py:82: Not running for sqlite</skipped></testcase><testcase classname="tests.apps.migrations.commands.test_new.TestNewMigrationCommand" name="test_manual" time="0.021" /><testcase classname="tests.apps.migrations.commands.test_new.TestGenerateMigrationMeta" name="test_filename" time="0.001" /><testcase classname="tests.apps.migrations.test_migration.TestMigrationTable" name="test_migration_table" time="0.012" /><testcase classname="tests.apps.project.commands.test_new.TestNewProject" name="test_new" time="0.015" /><testcase classname="tests.apps.schema.commands.test_generate.TestGenerate" name="test_exclude_table" time="0.000"><skipped type="pytest.skip" message="Not running for sqlite">/home/wania/Documentos/git-workspace/piccolo/tests/apps/schema/commands/test_generate.py:142: Not running for sqlite</skipped></testcase><testcase classname="tests.apps.schema.commands.test_generate.TestGenerate" name="test_generate_command" time="0.000"><skipped type="pytest.skip" message="Not running for sqlite">/home/wania/Documentos/git-workspace/piccolo/tests/apps/schema/commands/test_generate.py:85: Not running for sqlite</skipped></testcase><testcase classname="tests.apps.schema.commands.test_generate.TestGenerate" name="test_generate_required_tables" time="0.000"><skipped type="pytest.skip" message="Not running for sqlite">/home/wania/Documentos/git-workspace/piccolo/tests/apps/schema/commands/test_generate.py:130: Not running for sqlite</skipped></testcase><testcase classname="tests.apps.schema.commands.test_generate.TestGenerate" name="test_get_output_schema" time="0.000"><skipped type="pytest.skip" message="Not running for sqlite">/home/wania/Documentos/git-workspace/piccolo/tests/apps/schema/commands/test_generate.py:67: Not running for sqlite</skipped></testcase><testcase classname="tests.apps.schema.commands.test_generate.TestGenerate" name="test_self_referencing_fk" time="0.000"><skipped type="pytest.skip" message="Not running for sqlite">/home/wania/Documentos/git-workspace/piccolo/tests/apps/schema/commands/test_generate.py:154: Not running for sqlite</skipped></testcase><testcase classname="tests.apps.schema.commands.test_generate.TestGenerate" name="test_unknown_column_type" time="0.000"><skipped type="pytest.skip" message="Not running for sqlite">/home/wania/Documentos/git-workspace/piccolo/tests/apps/schema/commands/test_generate.py:98: Not running for sqlite</skipped></testcase><testcase classname="tests.apps.schema.commands.test_generate.TestGenerateWithIndexes" name="test_index" time="0.000"><skipped type="pytest.skip" message="Not running for sqlite">/home/wania/Documentos/git-workspace/piccolo/tests/apps/schema/commands/test_generate.py:201: Not running for sqlite</skipped></testcase><testcase classname="tests.apps.schema.commands.test_generate.TestGenerateWithSchema" name="test_reference_to_another_schema" time="0.000"><skipped type="pytest.skip" message="Not running for sqlite">/home/wania/Documentos/git-workspace/piccolo/tests/apps/schema/commands/test_generate.py:261: Not running for sqlite</skipped></testcase><testcase classname="tests.apps.schema.commands.test_generate.TestGenerateWithException" name="test_exception" time="0.000"><skipped type="pytest.skip" message="Not running for sqlite">/home/wania/Documentos/git-workspace/piccolo/tests/apps/schema/commands/test_generate.py:290: Not running for sqlite</skipped></testcase><testcase classname="tests.apps.schema.commands.test_graph.TestGraph" name="test_graph" time="0.008" /><testcase classname="tests.apps.schema.commands.test_graph.TestGraph" name="test_graph_to_file" time="0.002" /><testcase classname="tests.apps.shell.commands.test_run.TestRun" name="test_run" time="0.003" /><testcase classname="tests.apps.sql_shell.commands.test_run.TestRun" name="test_psql" time="0.000"><skipped type="pytest.skip" message="Only running for Postgres">/home/wania/Documentos/git-workspace/piccolo/tests/apps/sql_shell/commands/test_run.py:9: Only running for Postgres</skipped></testcase><testcase classname="tests.apps.sql_shell.commands.test_run.TestRun" name="test_sqlite3" time="0.002" /><testcase classname="tests.apps.tester.commands.test_run.TestSetEnvVar" name="test_existing_value" time="0.002" /><testcase classname="tests.apps.tester.commands.test_run.TestSetEnvVar" name="test_no_existing_value" time="0.001" /><testcase classname="tests.apps.tester.commands.test_run.TestSetEnvVar" name="test_raise_exception" time="0.001" /><testcase classname="tests.apps.tester.commands.test_run.TestRun" name="test_success" time="0.002" /><testcase classname="tests.apps.user.commands.test_change_password.TestChangePassword" name="test_create" time="0.495" /><testcase classname="tests.apps.user.commands.test_change_permissions.TestChangePassword" name="test_active" time="0.156" /><testcase classname="tests.apps.user.commands.test_change_permissions.TestChangePassword" name="test_admin" time="0.157" /><testcase classname="tests.apps.user.commands.test_change_permissions.TestChangePassword" name="test_no_params" time="0.152" /><testcase classname="tests.apps.user.commands.test_change_permissions.TestChangePassword" name="test_superuser" time="0.163" /><testcase classname="tests.apps.user.commands.test_change_permissions.TestChangePassword" name="test_user_doesnt_exist" time="0.155" /><testcase classname="tests.apps.user.commands.test_create.TestCreate" name="test_create" time="0.156" /><testcase classname="tests.apps.user.commands.test_create.TestCreate" name="test_create_with_arguments" time="0.155" /><testcase classname="tests.apps.user.commands.test_list.TestList" name="test_list" time="0.151" /><testcase classname="tests.apps.user.commands.test_list.TestLimit" name="test_non_positive" time="0.001" /><testcase classname="tests.apps.user.commands.test_list.TestPage" name="test_non_positive" time="0.001" /><testcase classname="tests.apps.user.commands.test_list.TestOrder" name="test_descending" time="0.001" /><testcase classname="tests.apps.user.commands.test_list.TestOrder" name="test_order" time="0.001" /><testcase classname="tests.apps.user.commands.test_list.TestOrder" name="test_unrecognised_column" time="0.001" /><testcase classname="tests.apps.user.test_tables.TestCreateUserTable" name="test_create_user_table" time="0.008" /><testcase classname="tests.apps.user.test_tables.TestInstantiateUser" name="test_malicious_password" time="0.010" /><testcase classname="tests.apps.user.test_tables.TestInstantiateUser" name="test_valid_credentials" time="0.147" /><testcase classname="tests.apps.user.test_tables.TestLogin" name="test_login" time="0.433" /><testcase classname="tests.apps.user.test_tables.TestLogin" name="test_update_password" time="0.576" /><testcase classname="tests.apps.user.test_tables.TestCreateUserFromFixture" name="test_create_user_from_fixture" time="0.009" /><testcase classname="tests.apps.user.test_tables.TestCreateUser" name="test_hashed_password_error" time="0.010" /><testcase classname="tests.apps.user.test_tables.TestCreateUser" name="test_long_password_error" time="0.009" /><testcase classname="tests.apps.user.test_tables.TestCreateUser" name="test_no_password_error" time="0.010" /><testcase classname="tests.apps.user.test_tables.TestCreateUser" name="test_no_username_error" time="0.009" /><testcase classname="tests.apps.user.test_tables.TestCreateUser" name="test_short_password_error" time="0.009" /><testcase classname="tests.apps.user.test_tables.TestCreateUser" name="test_success" time="0.299" /><testcase classname="tests.apps.user.test_tables.TestAutoHashingUpdate" name="test_hash_update" time="0.591" /><testcase classname="tests.columns.foreign_key.test_all_columns.TestAllColumns" name="test_all_columns" time="0.001" /><testcase classname="tests.columns.foreign_key.test_all_columns.TestAllColumns" name="test_all_columns_deep" time="0.001" /><testcase classname="tests.columns.foreign_key.test_all_columns.TestAllColumns" name="test_all_columns_exclude" time="0.001" /><testcase classname="tests.columns.foreign_key.test_all_related.TestAllRelated" name="test_all_related" time="0.003" /><testcase classname="tests.columns.foreign_key.test_all_related.TestAllRelated" name="test_all_related_deep" time="0.002" /><testcase classname="tests.columns.foreign_key.test_all_related.TestAllRelated" name="test_all_related_exclude" time="0.004" /><testcase classname="tests.columns.foreign_key.test_attribute_access.TestAttributeAccess" name="test_attribute_access" time="0.001" /><testcase classname="tests.columns.foreign_key.test_attribute_access.TestAttributeAccess" name="test_recursion_limit" time="0.003" /><testcase classname="tests.columns.foreign_key.test_attribute_access.TestAttributeAccess" name="test_recursion_time" time="0.002" /><testcase classname="tests.columns.foreign_key.test_column_type.TestColumnType" name="test_bigserial" time="0.001" /><testcase classname="tests.columns.foreign_key.test_column_type.TestColumnType" name="test_serial" time="0.001" /><testcase classname="tests.columns.foreign_key.test_column_type.TestColumnType" name="test_uuid" time="0.002" /><testcase classname="tests.columns.foreign_key.test_column_type.TestColumnType" name="test_varchar" time="0.002" /><testcase classname="tests.columns.foreign_key.test_foreign_key_meta.TestForeignKeyMeta" name="test_foreignkeymeta" time="0.001" /><testcase classname="tests.columns.foreign_key.test_foreign_key_references.TestReferences" name="test_foreign_key_references" time="0.001" /><testcase classname="tests.columns.foreign_key.test_foreign_key_self.TestForeignKeySelf" name="test_foreign_key_self" time="0.018" /><testcase classname="tests.columns.foreign_key.test_foreign_key_string.TestForeignKeyString" name="test_foreign_key_string" time="0.001" /><testcase classname="tests.columns.foreign_key.test_foreign_key_string.TestForeignKeyRelativeError" name="test_foreign_key_relative_error" time="0.001" /><testcase classname="tests.columns.foreign_key.test_foreign_key_string.TestLazyTableReference" name="test_lazy_reference_to_app" time="0.001" /><testcase classname="tests.columns.foreign_key.test_on_delete_on_update.TestOnDeleteOnUpdate" name="test_on_delete_on_update" time="0.000"><skipped type="pytest.skip" message="Not running for sqlite">/home/wania/Documentos/git-workspace/piccolo/tests/columns/foreign_key/test_on_delete_on_update.py:34: Not running for sqlite</skipped></testcase><testcase classname="tests.columns.foreign_key.test_reverse.TestReverse" name="test_reverse" time="0.027" /><testcase classname="tests.columns.foreign_key.test_schema.TestForeignKeyWithSchema" name="test_with_schema" time="0.000"><skipped type="pytest.skip" message="Not running for sqlite">/home/wania/Documentos/git-workspace/piccolo/tests/columns/foreign_key/test_schema.py:47: Not running for sqlite</skipped></testcase><testcase classname="tests.columns.foreign_key.test_target_column.TestTargetColumnWithString" name="test_queries" time="0.030" /><testcase classname="tests.columns.foreign_key.test_target_column.TestTargetColumnWithColumnRef" name="test_queries" time="0.027" /><testcase classname="tests.columns.foreign_key.test_value_type.TestValueType" name="test_value_type" time="0.001" /><testcase classname="tests.columns.m2m.test_m2m.TestM2M" name="test_add_m2m" time="0.033" /><testcase classname="tests.columns.m2m.test_m2m.TestM2M" name="test_add_m2m_existing" time="0.033" /><testcase classname="tests.columns.m2m.test_m2m.TestM2M" name="test_extra_columns_class" time="0.031" /><testcase classname="tests.columns.m2m.test_m2m.TestM2M" name="test_extra_columns_str" time="0.031" /><testcase classname="tests.columns.m2m.test_m2m.TestM2M" name="test_get_m2m" time="0.028" /><testcase classname="tests.columns.m2m.test_m2m.TestM2M" name="test_get_m2m_no_rows" time="0.031" /><testcase classname="tests.columns.m2m.test_m2m.TestM2M" name="test_no_related" time="0.029" /><testcase classname="tests.columns.m2m.test_m2m.TestM2M" name="test_remove_m2m" time="0.034" /><testcase classname="tests.columns.m2m.test_m2m.TestM2M" name="test_select_all_columns" time="0.024" /><testcase classname="tests.columns.m2m.test_m2m.TestM2M" name="test_select_id" time="0.029" /><testcase classname="tests.columns.m2m.test_m2m.TestM2M" name="test_select_multiple" time="0.031" /><testcase classname="tests.columns.m2m.test_m2m.TestM2M" name="test_select_name" time="0.026" /><testcase classname="tests.columns.m2m.test_m2m.TestM2MCustomPrimaryKey" name="test_add_m2m" time="0.049" /><testcase classname="tests.columns.m2m.test_m2m.TestM2MCustomPrimaryKey" name="test_add_m2m_within_transaction" time="0.049" /><testcase classname="tests.columns.m2m.test_m2m.TestM2MCustomPrimaryKey" name="test_get_m2m" time="0.042" /><testcase classname="tests.columns.m2m.test_m2m.TestM2MCustomPrimaryKey" name="test_select" time="0.042" /><testcase classname="tests.columns.m2m.test_m2m.TestM2MComplexSchema" name="test_select_all" time="0.028" /><testcase classname="tests.columns.m2m.test_m2m.TestM2MComplexSchema" name="test_select_single" time="0.101" /><testcase classname="tests.columns.m2m.test_m2m_schema.TestM2MWithSchema" name="test_add_m2m" time="0.000"><skipped type="pytest.skip" message="Not yet available for sqlite">/home/wania/Documentos/git-workspace/piccolo/tests/columns/m2m/base.py:280: Not yet available for sqlite</skipped></testcase><testcase classname="tests.columns.m2m.test_m2m_schema.TestM2MWithSchema" name="test_add_m2m_existing" time="0.000"><skipped type="pytest.skip" message="Not yet available for sqlite">/home/wania/Documentos/git-workspace/piccolo/tests/columns/m2m/base.py:363: Not yet available for sqlite</skipped></testcase><testcase classname="tests.columns.m2m.test_m2m_schema.TestM2MWithSchema" name="test_extra_columns_class" time="0.000"><skipped type="pytest.skip" message="Not yet available for sqlite">/home/wania/Documentos/git-workspace/piccolo/tests/columns/m2m/base.py:333: Not yet available for sqlite</skipped></testcase><testcase classname="tests.columns.m2m.test_m2m_schema.TestM2MWithSchema" name="test_extra_columns_str" time="0.001"><skipped type="pytest.skip" message="Not yet available for sqlite">/home/wania/Documentos/git-workspace/piccolo/tests/columns/m2m/base.py:303: Not yet available for sqlite</skipped></testcase><testcase classname="tests.columns.m2m.test_m2m_schema.TestM2MWithSchema" name="test_get_m2m" time="0.000"><skipped type="pytest.skip" message="Not yet available for sqlite">/home/wania/Documentos/git-workspace/piccolo/tests/columns/m2m/base.py:391: Not yet available for sqlite</skipped></testcase><testcase classname="tests.columns.m2m.test_m2m_schema.TestM2MWithSchema" name="test_get_m2m_no_rows" time="0.000"><skipped type="pytest.skip" message="Not yet available for sqlite">/home/wania/Documentos/git-workspace/piccolo/tests/columns/m2m/base.py:405: Not yet available for sqlite</skipped></testcase><testcase classname="tests.columns.m2m.test_m2m_schema.TestM2MWithSchema" name="test_no_related" time="0.000"><skipped type="pytest.skip" message="Not yet available for sqlite">/home/wania/Documentos/git-workspace/piccolo/tests/columns/m2m/base.py:114: Not yet available for sqlite</skipped></testcase><testcase classname="tests.columns.m2m.test_m2m_schema.TestM2MWithSchema" name="test_remove_m2m" time="0.000"><skipped type="pytest.skip" message="Not yet available for sqlite">/home/wania/Documentos/git-workspace/piccolo/tests/columns/m2m/base.py:421: Not yet available for sqlite</skipped></testcase><testcase classname="tests.columns.m2m.test_m2m_schema.TestM2MWithSchema" name="test_select_all_columns" time="0.000"><skipped type="pytest.skip" message="Not yet available for sqlite">/home/wania/Documentos/git-workspace/piccolo/tests/columns/m2m/base.py:250: Not yet available for sqlite</skipped></testcase><testcase classname="tests.columns.m2m.test_m2m_schema.TestM2MWithSchema" name="test_select_id" time="0.000"><skipped type="pytest.skip" message="Not yet available for sqlite">/home/wania/Documentos/git-workspace/piccolo/tests/columns/m2m/base.py:211: Not yet available for sqlite</skipped></testcase><testcase classname="tests.columns.m2m.test_m2m_schema.TestM2MWithSchema" name="test_select_multiple" time="0.000"><skipped type="pytest.skip" message="Not yet available for sqlite">/home/wania/Documentos/git-workspace/piccolo/tests/columns/m2m/base.py:148: Not yet available for sqlite</skipped></testcase><testcase classname="tests.columns.m2m.test_m2m_schema.TestM2MWithSchema" name="test_select_name" time="0.001"><skipped type="pytest.skip" message="Not yet available for sqlite">/home/wania/Documentos/git-workspace/piccolo/tests/columns/m2m/base.py:87: Not yet available for sqlite</skipped></testcase><testcase classname="tests.columns.test_array.TestArrayDefault" name="test_array_default" time="0.001" /><testcase classname="tests.columns.test_array.TestArray" name="test_all" time="0.000"><skipped type="pytest.skip" message="Not yet available for sqlite">/home/wania/Documentos/git-workspace/piccolo/tests/columns/test_array.py:64: Not yet available for sqlite</skipped></testcase><testcase classname="tests.columns.test_array.TestArray" name="test_any" time="0.000"><skipped type="pytest.skip" message="Not yet available for sqlite">/home/wania/Documentos/git-workspace/piccolo/tests/columns/test_array.py:90: Not yet available for sqlite</skipped></testcase><testcase classname="tests.columns.test_array.TestArray" name="test_append" time="0.000"><skipped type="pytest.skip" message="Not yet available for sqlite">/home/wania/Documentos/git-workspace/piccolo/tests/columns/test_array.py:224: Not yet available for sqlite</skipped></testcase><testcase classname="tests.columns.test_array.TestArray" name="test_append_sqlite" time="0.010" /><testcase classname="tests.columns.test_array.TestArray" name="test_cat" time="0.000"><skipped type="pytest.skip" message="Not yet available for sqlite">/home/wania/Documentos/git-workspace/piccolo/tests/columns/test_array.py:133: Not yet available for sqlite</skipped></testcase><testcase classname="tests.columns.test_array.TestArray" name="test_cat_sqlite" time="0.009" /><testcase classname="tests.columns.test_array.TestArray" name="test_index" time="0.000"><skipped type="pytest.skip" message="Not yet available for sqlite">/home/wania/Documentos/git-workspace/piccolo/tests/columns/test_array.py:53: Not yet available for sqlite</skipped></testcase><testcase classname="tests.columns.test_array.TestArray" name="test_not_any" time="0.000"><skipped type="pytest.skip" message="Not yet available for sqlite">/home/wania/Documentos/git-workspace/piccolo/tests/columns/test_array.py:116: Not yet available for sqlite</skipped></testcase><testcase classname="tests.columns.test_array.TestArray" name="test_prepend" time="0.001"><skipped type="pytest.skip" message="Not yet available for sqlite">/home/wania/Documentos/git-workspace/piccolo/tests/columns/test_array.py:195: Not yet available for sqlite</skipped></testcase><testcase classname="tests.columns.test_array.TestArray" name="test_prepend_sqlite" time="0.010" /><testcase classname="tests.columns.test_array.TestArray" name="test_remove" time="0.000"><skipped type="pytest.skip" message="Not yet available for sqlite">/home/wania/Documentos/git-workspace/piccolo/tests/columns/test_array.py:282: Not yet available for sqlite</skipped></testcase><testcase classname="tests.columns.test_array.TestArray" name="test_remove_sqlite" time="0.009" /><testcase classname="tests.columns.test_array.TestArray" name="test_replace" time="0.000"><skipped type="pytest.skip" message="Not yet available for sqlite">/home/wania/Documentos/git-workspace/piccolo/tests/columns/test_array.py:253: Not yet available for sqlite</skipped></testcase><testcase classname="tests.columns.test_array.TestArray" name="test_replace_sqlite" time="0.009" /><testcase classname="tests.columns.test_array.TestArray" name="test_storage" time="0.014" /><testcase classname="tests.columns.test_array.TestDateTimeDecimalArray" name="test_storage" time="0.016" /><testcase classname="tests.columns.test_array.TestNestedArray" name="test_storage" time="0.014" /><testcase classname="tests.columns.test_array.TestGetDimensions" name="test_get_dimensions" time="0.001" /><testcase classname="tests.columns.test_array.TestGetInnerValueType" name="test_get_inner_value_type" time="0.001" /><testcase classname="tests.columns.test_base.TestCopy" name="test_copy" time="0.001" /><testcase classname="tests.columns.test_base.TestHelpText" name="test_help_text" time="0.001" /><testcase classname="tests.columns.test_base.TestSecretParameter" name="test_secret_parameter" time="0.001" /><testcase classname="tests.columns.test_base.TestChoices" name="test_choices" time="0.001" /><testcase classname="tests.columns.test_base.TestChoices" name="test_get_choices_dict" time="0.001" /><testcase classname="tests.columns.test_base.TestChoices" name="test_get_choices_dict_with_custom_names" time="0.001" /><testcase classname="tests.columns.test_base.TestChoices" name="test_get_choices_dict_without_choices" time="0.001" /><testcase classname="tests.columns.test_base.TestChoices" name="test_invalid_types" time="0.001" /><testcase classname="tests.columns.test_base.TestEquals" name="test_equals" time="0.001" /><testcase classname="tests.columns.test_base.TestEquals" name="test_including_joins" time="0.001" /><testcase classname="tests.columns.test_base.TestEquals" name="test_non_column" time="0.001" /><testcase classname="tests.columns.test_base.TestEquals" name="test_same_name" time="0.001" /><testcase classname="tests.columns.test_boolean.TestBoolean" name="test_eq_and_ne" time="0.016" /><testcase classname="tests.columns.test_boolean.TestBoolean" name="test_return_type" time="0.029" /><testcase classname="tests.columns.test_bytea.TestBytea" name="test_bytea" time="0.015" /><testcase classname="tests.columns.test_bytea.TestByteaDefault" name="test_invalid_default" time="0.009" /><testcase classname="tests.columns.test_bytea.TestByteaDefault" name="test_json_default" time="0.014" /><testcase classname="tests.columns.test_char.TestChar" name="test_length" time="0.000"><skipped type="pytest.skip" message="Not running for sqlite">/home/wania/Documentos/git-workspace/piccolo/tests/columns/test_char.py:21: Not running for sqlite</skipped></testcase><testcase classname="tests.columns.test_char.TestChar" name="test_padding" time="0.000"><skipped type="pytest.skip" message="Not running for sqlite">/home/wania/Documentos/git-workspace/piccolo/tests/columns/test_char.py:29: Not running for sqlite</skipped></testcase><testcase classname="tests.columns.test_choices.TestChoices" name="test_default" time="0.014" /><testcase classname="tests.columns.test_choices.TestChoices" name="test_objects_where" time="0.015" /><testcase classname="tests.columns.test_choices.TestChoices" name="test_save" time="0.013" /><testcase classname="tests.columns.test_choices.TestChoices" name="test_select_where" time="0.015" /><testcase classname="tests.columns.test_choices.TestChoices" name="test_update" time="0.018" /><testcase classname="tests.columns.test_choices.TestArrayChoices" name="test_enum" time="0.014" /><testcase classname="tests.columns.test_choices.TestArrayChoices" name="test_invalid_choices" time="0.008" /><testcase classname="tests.columns.test_choices.TestArrayChoices" name="test_string" time="0.014" /><testcase classname="tests.columns.test_combination.TestWhere" name="test_equals" time="0.001" /><testcase classname="tests.columns.test_combination.TestWhere" name="test_is_in" time="0.001" /><testcase classname="tests.columns.test_combination.TestWhere" name="test_is_in_subquery" time="0.001" /><testcase classname="tests.columns.test_combination.TestWhere" name="test_like" time="0.001" /><testcase classname="tests.columns.test_combination.TestWhere" name="test_not_equal" time="0.001" /><testcase classname="tests.columns.test_combination.TestWhere" name="test_not_in" time="0.001" /><testcase classname="tests.columns.test_combination.TestWhere" name="test_not_in_subquery" time="0.001" /><testcase classname="tests.columns.test_combination.TestAnd" name="test_get_column_values" time="0.001" /><testcase classname="tests.columns.test_date.TestDate" name="test_timestamp" time="0.018" /><testcase classname="tests.columns.test_date.TestDateDefault" name="test_timestamp" time="0.014" /><testcase classname="tests.columns.test_db_column_name.TestDBColumnName" name="test_column_name_correct" time="0.000"><skipped type="pytest.skip" message="Not running for sqlite">/home/wania/Documentos/git-workspace/piccolo/tests/columns/test_db_column_name.py:43: Not running for sqlite</skipped></testcase><testcase classname="tests.columns.test_db_column_name.TestDBColumnName" name="test_create" time="0.016" /><testcase classname="tests.columns.test_db_column_name.TestDBColumnName" name="test_delete" time="0.021" /><testcase classname="tests.columns.test_db_column_name.TestDBColumnName" name="test_delete_alt" time="0.021" /><testcase classname="tests.columns.test_db_column_name.TestDBColumnName" name="test_join" time="0.019" /><testcase classname="tests.columns.test_db_column_name.TestDBColumnName" name="test_save" time="0.015" /><testcase classname="tests.columns.test_db_column_name.TestDBColumnName" name="test_select" time="0.017" /><testcase classname="tests.columns.test_db_column_name.TestDBColumnName" name="test_update" time="0.024" /><testcase classname="tests.columns.test_defaults.TestDefaults" name="test_date" time="0.001" /><testcase classname="tests.columns.test_defaults.TestDefaults" name="test_double_precision" time="0.001" /><testcase classname="tests.columns.test_defaults.TestDefaults" name="test_foreignkey" time="0.001" /><testcase classname="tests.columns.test_defaults.TestDefaults" name="test_int" time="0.001" /><testcase classname="tests.columns.test_defaults.TestDefaults" name="test_numeric" time="0.001" /><testcase classname="tests.columns.test_defaults.TestDefaults" name="test_real" time="0.001" /><testcase classname="tests.columns.test_defaults.TestDefaults" name="test_text" time="0.001" /><testcase classname="tests.columns.test_defaults.TestDefaults" name="test_time" time="0.001" /><testcase classname="tests.columns.test_defaults.TestDefaults" name="test_timestamp" time="0.001" /><testcase classname="tests.columns.test_defaults.TestDefaults" name="test_uuid" time="0.001" /><testcase classname="tests.columns.test_defaults.TestDatetime" name="test_datetime" time="0.001" /><testcase classname="tests.columns.test_double_precision.TestDoublePrecision" name="test_creation" time="0.015" /><testcase classname="tests.columns.test_get_sql_value.TestArrayPostgres" name="test_int" time="0.000"><skipped type="pytest.skip" message="Not running for sqlite">/home/wania/Documentos/git-workspace/piccolo/tests/columns/test_get_sql_value.py:17: Not running for sqlite</skipped></testcase><testcase classname="tests.columns.test_get_sql_value.TestArrayPostgres" name="test_nested" time="0.000"><skipped type="pytest.skip" message="Not running for sqlite">/home/wania/Documentos/git-workspace/piccolo/tests/columns/test_get_sql_value.py:23: Not running for sqlite</skipped></testcase><testcase classname="tests.columns.test_get_sql_value.TestArrayPostgres" name="test_string" time="0.000"><skipped type="pytest.skip" message="Not running for sqlite">/home/wania/Documentos/git-workspace/piccolo/tests/columns/test_get_sql_value.py:11: Not running for sqlite</skipped></testcase><testcase classname="tests.columns.test_get_sql_value.TestArrayPostgres" name="test_time" time="0.000"><skipped type="pytest.skip" message="Not running for sqlite">/home/wania/Documentos/git-workspace/piccolo/tests/columns/test_get_sql_value.py:29: Not running for sqlite</skipped></testcase><testcase classname="tests.columns.test_get_sql_value.TestArraySQLite" name="test_int" time="0.001" /><testcase classname="tests.columns.test_get_sql_value.TestArraySQLite" name="test_nested" time="0.001" /><testcase classname="tests.columns.test_get_sql_value.TestArraySQLite" name="test_string" time="0.001" /><testcase classname="tests.columns.test_get_sql_value.TestArraySQLite" name="test_time" time="0.001" /><testcase classname="tests.columns.test_integer.TestInteger" name="test_large_integer" time="0.029" /><testcase classname="tests.columns.test_interval.TestInterval" name="test_interval" time="0.045" /><testcase classname="tests.columns.test_interval.TestInterval" name="test_interval_where_clause" time="0.017" /><testcase classname="tests.columns.test_interval.TestIntervalDefault" name="test_interval" time="0.014" /><testcase classname="tests.columns.test_json.TestJSONSave" name="test_json_object" time="0.014" /><testcase classname="tests.columns.test_json.TestJSONSave" name="test_json_string" time="0.014" /><testcase classname="tests.columns.test_json.TestJSONDefault" name="test_invalid_default" time="0.013" /><testcase classname="tests.columns.test_json.TestJSONDefault" name="test_json_default" time="0.013" /><testcase classname="tests.columns.test_json.TestJSONInsert" name="test_json_object" time="0.013" /><testcase classname="tests.columns.test_json.TestJSONInsert" name="test_json_string" time="0.014" /><testcase classname="tests.columns.test_json.TestJSONUpdate" name="test_json_update_object" time="0.022" /><testcase classname="tests.columns.test_json.TestJSONUpdate" name="test_json_update_string" time="0.019" /><testcase classname="tests.columns.test_jsonb.TestJSONB" name="test_as_alias_join" time="0.000"><skipped type="pytest.skip" message="Not running for sqlite">/home/wania/Documentos/git-workspace/piccolo/tests/columns/test_jsonb.py:114: Not running for sqlite</skipped></testcase><testcase classname="tests.columns.test_jsonb.TestJSONB" name="test_json" time="0.000"><skipped type="pytest.skip" message="Not running for sqlite">/home/wania/Documentos/git-workspace/piccolo/tests/columns/test_jsonb.py:21: Not running for sqlite</skipped></testcase><testcase classname="tests.columns.test_jsonb.TestJSONB" name="test_raw" time="0.000"><skipped type="pytest.skip" message="Not running for sqlite">/home/wania/Documentos/git-workspace/piccolo/tests/columns/test_jsonb.py:31: Not running for sqlite</skipped></testcase><testcase classname="tests.columns.test_jsonb.TestJSONB" name="test_raw_alt" time="0.000"><skipped type="pytest.skip" message="Not running for sqlite">/home/wania/Documentos/git-workspace/piccolo/tests/columns/test_jsonb.py:54: Not running for sqlite</skipped></testcase><testcase classname="tests.columns.test_jsonb.TestJSONB" name="test_where" time="0.000"><skipped type="pytest.skip" message="Not running for sqlite">/home/wania/Documentos/git-workspace/piccolo/tests/columns/test_jsonb.py:75: Not running for sqlite</skipped></testcase><testcase classname="tests.columns.test_jsonb.TestArrow" name="test_arrow" time="0.000"><skipped type="pytest.skip" message="Not running for sqlite">/home/wania/Documentos/git-workspace/piccolo/tests/columns/test_jsonb.py:150: Not running for sqlite</skipped></testcase><testcase classname="tests.columns.test_jsonb.TestArrow" name="test_arrow_as_alias" time="0.000"><skipped type="pytest.skip" message="Not running for sqlite">/home/wania/Documentos/git-workspace/piccolo/tests/columns/test_jsonb.py:172: Not running for sqlite</skipped></testcase><testcase classname="tests.columns.test_jsonb.TestArrow" name="test_arrow_first" time="0.001"><skipped type="pytest.skip" message="Not running for sqlite">/home/wania/Documentos/git-workspace/piccolo/tests/columns/test_jsonb.py:242: Not running for sqlite</skipped></testcase><testcase classname="tests.columns.test_jsonb.TestArrow" name="test_arrow_where" time="0.000"><skipped type="pytest.skip" message="Not running for sqlite">/home/wania/Documentos/git-workspace/piccolo/tests/columns/test_jsonb.py:222: Not running for sqlite</skipped></testcase><testcase classname="tests.columns.test_jsonb.TestArrow" name="test_multiple_levels_deep" time="0.000"><skipped type="pytest.skip" message="Not running for sqlite">/home/wania/Documentos/git-workspace/piccolo/tests/columns/test_jsonb.py:199: Not running for sqlite</skipped></testcase><testcase classname="tests.columns.test_jsonb.TestArrow" name="test_square_brackets" time="0.000"><skipped type="pytest.skip" message="Not running for sqlite">/home/wania/Documentos/git-workspace/piccolo/tests/columns/test_jsonb.py:186: Not running for sqlite</skipped></testcase><testcase classname="tests.columns.test_jsonb.TestFromPath" name="test_from_path" time="0.000"><skipped type="pytest.skip" message="Not running for sqlite">/home/wania/Documentos/git-workspace/piccolo/tests/columns/test_jsonb.py:266: Not running for sqlite</skipped></testcase><testcase classname="tests.columns.test_numeric.TestNumeric" name="test_creation" time="0.016" /><testcase classname="tests.columns.test_primary_key.TestPrimaryKeyDefault" name="test_return_type" time="0.016" /><testcase classname="tests.columns.test_primary_key.TestPrimaryKeyInteger" name="test_return_type" time="0.014" /><testcase classname="tests.columns.test_primary_key.TestPrimaryKeyBigSerial" name="test_return_type" time="0.013" /><testcase classname="tests.columns.test_primary_key.TestPrimaryKeyUUID" name="test_return_type" time="0.014" /><testcase classname="tests.columns.test_primary_key.TestPrimaryKeyQueries" name="test_primary_key_queries" time="0.037" /><testcase classname="tests.columns.test_readable.TestReadable" name="test_readable" time="0.015" /><testcase classname="tests.columns.test_real.TestReal" name="test_creation" time="0.015" /><testcase classname="tests.columns.test_reference.TestQueries" name="test_select" time="0.021" /><testcase classname="tests.columns.test_reference.TestInit" name="test_init" time="0.001" /><testcase classname="tests.columns.test_reference.TestStr" name="test_str" time="0.001" /><testcase classname="tests.columns.test_reserved_column_names.TestReservedColumnNames" name="test_common_operations" time="0.031" /><testcase classname="tests.columns.test_time.TestTime" name="test_timestamp" time="0.017" /><testcase classname="tests.columns.test_time.TestTimeDefault" name="test_timestamp" time="0.015" /><testcase classname="tests.columns.test_timestamp.TestTimestamp" name="test_timestamp" time="0.016" /><testcase classname="tests.columns.test_timestamp.TestTimestamp" name="test_timezone_aware" time="0.011" /><testcase classname="tests.columns.test_timestamp.TestTimestampDefault" name="test_timestamp" time="0.015" /><testcase classname="tests.columns.test_timestamptz.TestTimestamptz" name="test_timestamptz_timezone_aware" time="0.026" /><testcase classname="tests.columns.test_timestamptz.TestTimestamptzDefault" name="test_timestamptz_default" time="0.015" /><testcase classname="tests.columns.test_uuid.TestUUID" name="test_return_type" time="0.028" /><testcase classname="tests.columns.test_uuid.TestUUID7" name="test_return_type" time="0.000"><skipped type="pytest.skip" message="Only Python &gt;= 3.14 and Postgres &gt;= 18 are supported.">/home/wania/Documentos/git-workspace/piccolo/tests/columns/test_uuid.py:46: Only Python &gt;= 3.14 and Postgres &gt;= 18 are supported.</skipped></testcase><testcase classname="tests.columns.test_varchar.TestVarchar" name="test_length" time="0.000"><skipped type="pytest.skip" message="Not running for sqlite">/home/wania/Documentos/git-workspace/piccolo/tests/columns/test_varchar.py:23: Not running for sqlite</skipped></testcase><testcase classname="tests.conf.test_apps.TestAppRegistry" name="test_app_names_not_ending_piccolo_app" time="0.001" /><testcase classname="tests.conf.test_apps.TestAppRegistry" name="test_duplicate_app_names" time="0.001" /><testcase classname="tests.conf.test_apps.TestAppRegistry" name="test_duplicate_app_names_with_auto_changed" time="0.001" /><testcase classname="tests.conf.test_apps.TestAppRegistry" name="test_get_app_config" time="0.001" /><testcase classname="tests.conf.test_apps.TestAppRegistry" name="test_get_table_classes" time="0.001" /><testcase classname="tests.conf.test_apps.TestAppRegistry" name="test_get_table_with_name" time="0.001" /><testcase classname="tests.conf.test_apps.TestAppConfig" name="test_get_table_with_name" time="0.001" /><testcase classname="tests.conf.test_apps.TestAppConfig" name="test_pathlib" time="0.001" /><testcase classname="tests.conf.test_apps.TestTableFinder" name="test_exclude_imported" time="0.003" /><testcase classname="tests.conf.test_apps.TestTableFinder" name="test_exclude_tags" time="0.001" /><testcase classname="tests.conf.test_apps.TestTableFinder" name="test_include_tags" time="0.001" /><testcase classname="tests.conf.test_apps.TestTableFinder" name="test_table_finder" time="0.001" /><testcase classname="tests.conf.test_apps.TestTableFinder" name="test_table_finder_coercion" time="0.001" /><testcase classname="tests.conf.test_apps.TestFinder" name="test_get_table_classes" time="0.001" /><testcase classname="tests.conf.test_apps.TestFinder" name="test_sort_app_configs" time="0.001" /><testcase classname="tests.conf.test_apps.TestPiccoloConfUpdater" name="test_modify_app_registry_src" time="0.003" /><testcase classname="tests.conf.test_apps.TestPiccoloConfUpdater" name="test_register_app" time="0.002" /><testcase classname="tests.engine.test_extra_nodes.TestExtraNodes" name="test_extra_nodes" time="0.000"><skipped type="pytest.skip" message="Not running for sqlite">/home/wania/Documentos/git-workspace/piccolo/tests/engine/test_extra_nodes.py:14: Not running for sqlite</skipped></testcase><testcase classname="tests.engine.test_logging.TestLogging" name="test_log_queries" time="0.045" /><testcase classname="tests.engine.test_logging.TestLogging" name="test_log_queries_and_responses" time="0.043" /><testcase classname="tests.engine.test_logging.TestLogging" name="test_log_responses" time="0.041" /><testcase classname="tests.engine.test_nested_transaction.TestDifferentDB" name="test_nested" time="0.015" /><testcase classname="tests.engine.test_nested_transaction.TestSameDB" name="test_nested" time="0.044" /><testcase classname="tests.engine.test_pool.TestPool" name="test_creation" time="0.000"><skipped type="pytest.skip" message="Not running for sqlite">/home/wania/Documentos/git-workspace/piccolo/tests/engine/test_pool.py:52: Not running for sqlite</skipped></testcase><testcase classname="tests.engine.test_pool.TestPool" name="test_many_queries" time="0.000"><skipped type="pytest.skip" message="Not running for sqlite">/home/wania/Documentos/git-workspace/piccolo/tests/engine/test_pool.py:64: Not running for sqlite</skipped></testcase><testcase classname="tests.engine.test_pool.TestPool" name="test_query" time="0.000"><skipped type="pytest.skip" message="Not running for sqlite">/home/wania/Documentos/git-workspace/piccolo/tests/engine/test_pool.py:58: Not running for sqlite</skipped></testcase><testcase classname="tests.engine.test_pool.TestPoolProxyMethods" name="test_proxy_methods" time="0.000"><skipped type="pytest.skip" message="Not running for sqlite">/home/wania/Documentos/git-workspace/piccolo/tests/engine/test_pool.py:85: Not running for sqlite</skipped></testcase><testcase classname="tests.engine.test_pool.TestConnectionPoolWarning" name="test_warnings" time="0.003" /><testcase classname="tests.engine.test_transaction.TestAtomic" name="test_error" time="0.007" /><testcase classname="tests.engine.test_transaction.TestAtomic" name="test_pool" time="0.000"><skipped type="pytest.skip" message="Not running for sqlite">/home/wania/Documentos/git-workspace/piccolo/tests/engine/test_transaction.py:47: Not running for sqlite</skipped></testcase><testcase classname="tests.engine.test_transaction.TestAtomic" name="test_succeeds" time="0.014" /><testcase classname="tests.engine.test_transaction.TestTransaction" name="test_error" time="0.007" /><testcase classname="tests.engine.test_transaction.TestTransaction" name="test_manual_commit" time="0.013" /><testcase classname="tests.engine.test_transaction.TestTransaction" name="test_manual_rollback" time="0.006" /><testcase classname="tests.engine.test_transaction.TestTransaction" name="test_succeeds" time="0.017" /><testcase classname="tests.engine.test_transaction.TestTransaction" name="test_transaction_id" time="0.000"><skipped type="pytest.skip" message="Not running for sqlite">/home/wania/Documentos/git-workspace/piccolo/tests/engine/test_transaction.py:145: Not running for sqlite</skipped></testcase><testcase classname="tests.engine.test_transaction.TestTransactionExists" name="test_exists" time="0.002" /><testcase classname="tests.engine.test_transaction.TestTransactionType" name="test_atomic" time="0.200" /><testcase classname="tests.engine.test_transaction.TestTransactionType" name="test_transaction" time="0.202" /><testcase classname="tests.engine.test_transaction.TestSavepoint" name="test_named_savepoint" time="0.015" /><testcase classname="tests.engine.test_transaction.TestSavepoint" name="test_savepoint" time="0.016" /><testcase classname="tests.engine.test_transaction.TestSavepoint" name="test_savepoint_sqli_checks" time="0.011" /><testcase classname="tests.engine.test_version_parsing.TestVersionParsing" name="test_version_parsing" time="0.000"><skipped type="pytest.skip" message="Not running for sqlite">/home/wania/Documentos/git-workspace/piccolo/tests/engine/test_version_parsing.py:10: Not running for sqlite</skipped></testcase><testcase classname="tests.query.functions.test_conditional.TestCoalesce" name="test_coalesce" time="0.040" /><testcase classname="tests.query.functions.test_conditional.TestCoalesce" name="test_coalesce_pipe_syntax" time="0.034" /><testcase classname="tests.query.functions.test_conditional.TestNullIf" name="test_null_if" time="0.033" /><testcase classname="tests.query.functions.test_datetime.TestExtract" name="test_extract" time="0.000"><skipped type="pytest.skip" message="Not running for sqlite">/home/wania/Documentos/git-workspace/piccolo/tests/query/functions/test_datetime.py:42: Not running for sqlite</skipped></testcase><testcase classname="tests.query.functions.test_datetime.TestExtract" name="test_invalid_format" time="0.000"><skipped type="pytest.skip" message="Not running for sqlite">/home/wania/Documentos/git-workspace/piccolo/tests/query/functions/test_datetime.py:50: Not running for sqlite</skipped></testcase><testcase classname="tests.query.functions.test_datetime.TestStrftime" n
[...]
t.TestSelect" name="test_where_like_sqlite" time="0.058" /><testcase classname="tests.table.test_select.TestSelect" name="test_where_not_like" time="0.049" /><testcase classname="tests.table.test_select.TestSelect" name="test_where_or" time="0.046" /><testcase classname="tests.table.test_select.TestSelect" name="test_where_raw" time="0.052" /><testcase classname="tests.table.test_select.TestSelect" name="test_where_raw_combined_with_where" time="0.048" /><testcase classname="tests.table.test_select.TestSelect" name="test_where_raw_with_args" time="0.046" /><testcase classname="tests.table.test_select.TestSelectSecret" name="test_secret" time="0.159" /><testcase classname="tests.table.test_select.TestSelectSecretParameter" name="test_secret_parameter" time="0.013" /><testcase classname="tests.table.test_select.TestSelectOrderBy" name="test_ascending" time="0.044" /><testcase classname="tests.table.test_select.TestSelectOrderBy" name="test_ascending_descending" time="0.042" /><testcase classname="tests.table.test_select.TestSelectOrderBy" name="test_descending" time="0.052" /><testcase classname="tests.table.test_select.TestSelectOrderBy" name="test_join" time="0.042" /><testcase classname="tests.table.test_select.TestSelectOrderBy" name="test_multiple_columns_ascending" time="0.042" /><testcase classname="tests.table.test_select.TestSelectOrderBy" name="test_multiple_columns_descending" time="0.043" /><testcase classname="tests.table.test_select.TestSelectOrderBy" name="test_order_by_raw" time="0.044" /><testcase classname="tests.table.test_select.TestSelectOrderBy" name="test_string" time="0.044" /><testcase classname="tests.table.test_select.TestSelectOrderBy" name="test_string_unrecognised" time="0.041" /><testcase classname="tests.table.test_select.TestDistinctOn" name="test_distinct_on" time="0.000"><skipped type="pytest.skip" message="Not running for sqlite">/home/wania/Documentos/git-workspace/piccolo/tests/table/test_select.py:1396: Not running for sqlite</skipped></testcase><testcase classname="tests.table.test_select.TestDistinctOn" name="test_distinct_on_error" time="0.000"><skipped type="pytest.skip" message="Not running for sqlite">/home/wania/Documentos/git-workspace/piccolo/tests/table/test_select.py:1492: Not running for sqlite</skipped></testcase><testcase classname="tests.table.test_select.TestDistinctOn" name="test_distinct_on_order_by_error" time="0.000"><skipped type="pytest.skip" message="Not running for sqlite">/home/wania/Documentos/git-workspace/piccolo/tests/table/test_select.py:1506: Not running for sqlite</skipped></testcase><testcase classname="tests.table.test_select.TestDistinctOn" name="test_distinct_on_sqlite" time="0.009" /><testcase classname="tests.table.test_select.TestHaving" name="test_having" time="0.032" /><testcase classname="tests.table.test_str.TestTableStr" name="test_abbreviated" time="0.002" /><testcase classname="tests.table.test_str.TestTableStr" name="test_all_attributes" time="0.002" /><testcase classname="tests.table.test_str.TestTableStr" name="test_m2m" time="0.001" /><testcase classname="tests.table.test_str.TestTableStr" name="test_print" time="0.002" /><testcase classname="tests.table.test_table_exists.TestTableExists" name="test_table_exists" time="0.010" /><testcase classname="tests.table.test_table_exists.TestTableExistsSchema" name="test_table_exists" time="0.000"><skipped type="pytest.skip" message="Not yet available for sqlite">/home/wania/Documentos/git-workspace/piccolo/tests/table/test_table_exists.py:36: Not yet available for sqlite</skipped></testcase><testcase classname="tests.table.test_update.TestUpdate" name="test_update" time="0.052" /><testcase classname="tests.table.test_update.TestUpdate" name="test_update_returning" time="0.049" /><testcase classname="tests.table.test_update.TestUpdate" name="test_update_returning_alias" time="0.050" /><testcase classname="tests.table.test_update.TestUpdate" name="test_update_values" time="0.050" /><testcase classname="tests.table.test_update.TestUpdate" name="test_update_values_with_kwargs" time="0.056" /><testcase classname="tests.table.test_update.TestUpdate" name="test_update_values_with_string_keys" time="0.051" /><testcase classname="tests.table.test_update.TestUpdate" name="test_update_with_kwargs" time="0.050" /><testcase classname="tests.table.test_update.TestUpdate" name="test_update_with_string_keys" time="0.053" /><testcase classname="tests.table.test_update.TestOperators" name="test_edge_cases" time="0.009" /><testcase classname="tests.table.test_update.TestOperators" name="test_operators" time="0.474" /><testcase classname="tests.table.test_update.TestAutoUpdate" name="test_save" time="0.025" /><testcase classname="tests.table.test_update.TestAutoUpdate" name="test_update" time="0.018" /><testcase classname="tests.table.test_update.TestUpdateWithJoin" name="test_and" time="0.058" /><testcase classname="tests.table.test_update.TestUpdateWithJoin" name="test_join" time="0.053" /><testcase classname="tests.table.test_update.TestUpdateWithJoin" name="test_multiple_matches" time="0.057" /><testcase classname="tests.table.test_update.TestUpdateWithJoin" name="test_no_matches" time="0.049" /><testcase classname="tests.table.test_update.TestUpdateWithJoin" name="test_or" time="0.052" /><testcase classname="tests.table.test_update.TestDBColumnName" name="test_db_column_name" time="0.079" /><testcase classname="tests.table.test_update_self.TestUpdateSelf" name="test_update_self" time="0.044" /><testcase classname="tests.test_main.TestMain" name="test_main" time="0.081" /><testcase classname="tests.test_schema.TestListTables" name="test_list_tables" time="0.000"><skipped type="pytest.skip" message="Not yet available for sqlite">/home/wania/Documentos/git-workspace/piccolo/tests/test_schema.py:20: Not yet available for sqlite</skipped></testcase><testcase classname="tests.test_schema.TestCreateAndDrop" name="test_create_and_drop" time="0.000"><skipped type="pytest.skip" message="Not yet available for sqlite">/home/wania/Documentos/git-workspace/piccolo/tests/test_schema.py:35: Not yet available for sqlite</skipped></testcase><testcase classname="tests.test_schema.TestMoveTable" name="test_move_table" time="0.000"><skipped type="pytest.skip" message="Not yet available for sqlite">/home/wania/Documentos/git-workspace/piccolo/tests/test_schema.py:67: Not yet available for sqlite</skipped></testcase><testcase classname="tests.test_schema.TestRenameSchema" name="test_rename_schema" time="0.000"><skipped type="pytest.skip" message="Not yet available for sqlite">/home/wania/Documentos/git-workspace/piccolo/tests/test_schema.py:102: Not yet available for sqlite</skipped></testcase><testcase classname="tests.test_schema.TestDDL" name="test_create_schema" time="0.000"><skipped type="pytest.skip" message="Not yet available for sqlite">/home/wania/Documentos/git-workspace/piccolo/tests/test_schema.py:123: Not yet available for sqlite</skipped></testcase><testcase classname="tests.test_schema.TestDDL" name="test_drop_schema" time="0.000"><skipped type="pytest.skip" message="Not yet available for sqlite">/home/wania/Documentos/git-workspace/piccolo/tests/test_schema.py:138: Not yet available for sqlite</skipped></testcase><testcase classname="tests.test_schema.TestDDL" name="test_move_table" time="0.000"><skipped type="pytest.skip" message="Not yet available for sqlite">/home/wania/Documentos/git-workspace/piccolo/tests/test_schema.py:167: Not yet available for sqlite</skipped></testcase><testcase classname="tests.testing.test_model_builder.TestModelBuilder" name="test_array_choices" time="0.027" /><testcase classname="tests.testing.test_model_builder.TestModelBuilder" name="test_async" time="0.120" /><testcase classname="tests.testing.test_model_builder.TestModelBuilder" name="test_choices" time="0.027" /><testcase classname="tests.testing.test_model_builder.TestModelBuilder" name="test_datetime" time="0.022" /><testcase classname="tests.testing.test_model_builder.TestModelBuilder" name="test_email" time="0.024" /><testcase classname="tests.testing.test_model_builder.TestModelBuilder" name="test_foreign_key" time="0.029" /><testcase classname="tests.testing.test_model_builder.TestModelBuilder" name="test_invalid_column" time="0.021" /><testcase classname="tests.testing.test_model_builder.TestModelBuilder" name="test_json" time="0.025" /><testcase classname="tests.testing.test_model_builder.TestModelBuilder" name="test_lazy_foreign_key" time="0.029" /><testcase classname="tests.testing.test_model_builder.TestModelBuilder" name="test_minimal" time="0.026" /><testcase classname="tests.testing.test_model_builder.TestModelBuilder" name="test_persist_false" time="0.022" /><testcase classname="tests.testing.test_model_builder.TestModelBuilder" name="test_recursive_foreign_key" time="0.024" /><testcase classname="tests.testing.test_model_builder.TestModelBuilder" name="test_sync" time="0.118" /><testcase classname="tests.testing.test_model_builder.TestModelBuilder" name="test_valid_column" time="0.025" /><testcase classname="tests.testing.test_model_builder.TestModelBuilder" name="test_valid_column_string" time="0.026" /><testcase classname="tests.testing.test_model_builder.TestModelBuilder" name="test_valid_foreign_key" time="0.028" /><testcase classname="tests.testing.test_model_builder.TestModelBuilder" name="test_valid_foreign_key_string" time="0.029" /><testcase classname="tests.testing.test_random_builder.TestRandomBuilder" name="test_next_bool" time="0.001" /><testcase classname="tests.testing.test_random_builder.TestRandomBuilder" name="test_next_bytes" time="0.001" /><testcase classname="tests.testing.test_random_builder.TestRandomBuilder" name="test_next_date" time="0.001" /><testcase classname="tests.testing.test_random_builder.TestRandomBuilder" name="test_next_datetime" time="0.001" /><testcase classname="tests.testing.test_random_builder.TestRandomBuilder" name="test_next_decimal" time="0.001" /><testcase classname="tests.testing.test_random_builder.TestRandomBuilder" name="test_next_enum" time="0.001" /><testcase classname="tests.testing.test_random_builder.TestRandomBuilder" name="test_next_float" time="0.001" /><testcase classname="tests.testing.test_random_builder.TestRandomBuilder" name="test_next_int" time="0.001" /><testcase classname="tests.testing.test_random_builder.TestRandomBuilder" name="test_next_str" time="0.001" /><testcase classname="tests.testing.test_random_builder.TestRandomBuilder" name="test_next_time" time="0.001" /><testcase classname="tests.testing.test_random_builder.TestRandomBuilder" name="test_next_timedelta" time="0.001" /><testcase classname="tests.testing.test_random_builder.TestRandomBuilder" name="test_next_uuid" time="0.001" /><testcase classname="tests.testing.test_test_case.TestTableTest" name="test_tables_created" time="0.010" /><testcase classname="tests.testing.test_test_case.TestAsyncTableTest" name="test_tables_created" time="0.034" /><testcase classname="tests.testing.test_test_case.TestAsyncTransaction" name="test_transaction_exists" time="0.007" /><testcase classname="tests.testing.test_test_case.TestAsyncTransactionRolledBack" name="test_insert_data" time="0.014" /><testcase classname="tests.utils.test_dictionary.TestMakeNested" name="test_name_clash" time="0.001" /><testcase classname="tests.utils.test_dictionary.TestMakeNested" name="test_nesting" time="0.001" /><testcase classname="tests.utils.test_encoding.TestEncodingDecoding" name="test_dump_load" time="0.001" /><testcase classname="tests.utils.test_lazy_loader.TestLazyLoader" name="test_lazy_loader_aiosqlite_exception" time="0.001" /><testcase classname="tests.utils.test_lazy_loader.TestLazyLoader" name="test_lazy_loader_asyncpg_exception" time="0.000"><skipped type="pytest.skip" message="Not running for sqlite">/home/wania/Documentos/git-workspace/piccolo/tests/utils/test_lazy_loader.py:11: Not running for sqlite</skipped></testcase><testcase classname="tests.utils.test_lazy_loader.TestLazyLoader" name="test_lazy_loading_database_driver" time="0.001" /><testcase classname="tests.utils.test_list.TestFlatten" name="test_flatten" time="0.001" /><testcase classname="tests.utils.test_list.TestBatch" name="test_batch" time="0.001" /><testcase classname="tests.utils.test_list.TestBatch" name="test_zero" time="0.001" /><testcase classname="tests.utils.test_naming.TestCamelToSnake" name="test_converting_tablenames" time="0.001" /><testcase classname="tests.utils.test_printing.TestGetFixedLengthString" name="test_extra_padding" time="0.001" /><testcase classname="tests.utils.test_printing.TestGetFixedLengthString" name="test_truncation" time="0.001" /><testcase classname="tests.utils.test_pydantic.TestVarcharColumn" name="test_varchar_length" time="0.002" /><testcase classname="tests.utils.test_pydantic.TestEmailColumn" name="test_email" time="0.093" /><testcase classname="tests.utils.test_pydantic.TestNumericColumn" name="test_numeric_digits" time="0.003" /><testcase classname="tests.utils.test_pydantic.TestNumericColumn" name="test_numeric_without_digits" time="0.003" /><testcase classname="tests.utils.test_pydantic.TestSecretColumn" name="test_secret_param" time="0.004" /><testcase classname="tests.utils.test_pydantic.TestArrayColumn" name="test_array_param" time="0.004" /><testcase classname="tests.utils.test_pydantic.TestArrayColumn" name="test_multidimensional_array" time="0.002" /><testcase classname="tests.utils.test_pydantic.TestForeignKeyColumn" name="test_target_column" time="0.010" /><testcase classname="tests.utils.test_pydantic.TestTextColumn" name="test_text_widget" time="0.004" /><testcase classname="tests.utils.test_pydantic.TestTimeColumn" name="test_time_format" time="0.003" /><testcase classname="tests.utils.test_pydantic.TestTimestamptzColumn" name="test_timestamptz_widget" time="0.006" /><testcase classname="tests.utils.test_pydantic.TestUUIDColumn" name="test_uuid_format" time="0.022" /><testcase classname="tests.utils.test_pydantic.TestColumnHelpText" name="test_column_help_text_present" time="0.004" /><testcase classname="tests.utils.test_pydantic.TestTableHelpText" name="test_table_help_text_present" time="0.003" /><testcase classname="tests.utils.test_pydantic.TestUniqueColumn" name="test_unique_column_false" time="0.003" /><testcase classname="tests.utils.test_pydantic.TestUniqueColumn" name="test_unique_column_true" time="0.003" /><testcase classname="tests.utils.test_pydantic.TestJSONColumn" name="test_default" time="0.004" /><testcase classname="tests.utils.test_pydantic.TestJSONColumn" name="test_deserialize_json" time="0.005" /><testcase classname="tests.utils.test_pydantic.TestJSONColumn" name="test_json_widget" time="0.003" /><testcase classname="tests.utils.test_pydantic.TestJSONColumn" name="test_null_value" time="0.004" /><testcase classname="tests.utils.test_pydantic.TestJSONColumn" name="test_validation" time="0.005" /><testcase classname="tests.utils.test_pydantic.TestExcludeColumns" name="test_all" time="0.101" /><testcase classname="tests.utils.test_pydantic.TestExcludeColumns" name="test_exclude" time="0.003" /><testcase classname="tests.utils.test_pydantic.TestExcludeColumns" name="test_exclude_all_manually" time="0.002" /><testcase classname="tests.utils.test_pydantic.TestExcludeColumns" name="test_exclude_all_meta" time="0.002" /><testcase classname="tests.utils.test_pydantic.TestExcludeColumns" name="test_exclude_nested" time="0.004" /><testcase classname="tests.utils.test_pydantic.TestExcludeColumns" name="test_invalid_column_different_table" time="0.002" /><testcase classname="tests.utils.test_pydantic.TestExcludeColumns" name="test_invalid_column_different_table_same_type" time="0.001" /><testcase classname="tests.utils.test_pydantic.TestExcludeColumns" name="test_invalid_column_str" time="0.001" /><testcase classname="tests.utils.test_pydantic.TestIncludeColumns" name="test_include" time="0.003" /><testcase classname="tests.utils.test_pydantic.TestIncludeColumns" name="test_include_exclude_error" time="0.001" /><testcase classname="tests.utils.test_pydantic.TestIncludeColumns" name="test_nested" time="0.004" /><testcase classname="tests.utils.test_pydantic.TestNestedModel" name="test_cascaded_args" time="0.008" /><testcase classname="tests.utils.test_pydantic.TestNestedModel" name="test_true" time="0.006" /><testcase classname="tests.utils.test_pydantic.TestNestedModel" name="test_tuple" time="0.023" /><testcase classname="tests.utils.test_pydantic.TestRecursionDepth" name="test_max" time="0.011" /><testcase classname="tests.utils.test_pydantic.TestDBColumnName" name="test_db_column_name" time="0.002" /><testcase classname="tests.utils.test_pydantic.TestJSONSchemaExtra" name="test_json_schema_extra" time="0.003" /><testcase classname="tests.utils.test_pydantic.TestPydanticExtraFields" name="test_pydantic_extra_fields" time="0.002" /><testcase classname="tests.utils.test_pydantic.TestPydanticExtraFields" name="test_pydantic_invalid_extra_fields" time="0.002" /><testcase classname="tests.utils.test_sql_values.TestConvertToSQLValue" name="test_convert_enum" time="0.001" /><testcase classname="tests.utils.test_sql_values.TestConvertToSQLValue" name="test_convert_enum_list" time="0.001" /><testcase classname="tests.utils.test_sql_values.TestConvertToSQLValue" name="test_convert_json" time="0.001" /><testcase classname="tests.utils.test_sql_values.TestConvertToSQLValue" name="test_convert_large_list" time="0.006" /><testcase classname="tests.utils.test_sql_values.TestConvertToSQLValue" name="test_convert_table_instance" time="0.002" /><testcase classname="tests.utils.test_sql_values.TestConvertToSQLValue" name="test_other" time="0.001" /><testcase classname="tests.utils.test_sync.TestSync" name="test_sync_nested" time="0.104" /><testcase classname="tests.utils.test_sync.TestSync" name="test_sync_simple" time="0.102" /><testcase classname="tests.utils.test_sync.TestSync" name="test_sync_stopped_event_loop" time="0.102" /><testcase classname="tests.utils.test_table_reflection.TestTableStorage" name="test_get_present_table" time="0.000"><skipped type="pytest.skip" message="Not running for sqlite">/home/wania/Documentos/git-workspace/piccolo/tests/utils/test_table_reflection.py:71: Not running for sqlite</skipped></testcase><testcase classname="tests.utils.test_table_reflection.TestTableStorage" name="test_get_schema_and_table_name" time="0.000"><skipped type="pytest.skip" message="Not running for sqlite">/home/wania/Documentos/git-workspace/piccolo/tests/utils/test_table_reflection.py:87: Not running for sqlite</skipped></testcase><testcase classname="tests.utils.test_table_reflection.TestTableStorage" name="test_get_unavailable_table" time="0.000"><skipped type="pytest.skip" message="Not running for sqlite">/home/wania/Documentos/git-workspace/piccolo/tests/utils/test_table_reflection.py:76: Not running for sqlite</skipped></testcase><testcase classname="tests.utils.test_table_reflection.TestTableStorage" name="test_reflect_all_tables" time="0.000"><skipped type="pytest.skip" message="Not running for sqlite">/home/wania/Documentos/git-workspace/piccolo/tests/utils/test_table_reflection.py:50: Not running for sqlite</skipped></testcase><testcase classname="tests.utils.test_table_reflection.TestTableStorage" name="test_reflect_with_exclude" time="0.000"><skipped type="pytest.skip" message="Not running for sqlite">/home/wania/Documentos/git-workspace/piccolo/tests/utils/test_table_reflection.py:65: Not running for sqlite</skipped></testcase><testcase classname="tests.utils.test_table_reflection.TestTableStorage" name="test_reflect_with_include" time="0.000"><skipped type="pytest.skip" message="Not running for sqlite">/home/wania/Documentos/git-workspace/piccolo/tests/utils/test_table_reflection.py:59: Not running for sqlite</skipped></testcase><testcase classname="tests.utils.test_warnings.TestColoredWarning" name="test_colored_warning" time="0.001" /></testsuite></testsuites>