<?xml version="1.0" ?>
<coverage version="7.14.3" timestamp="1782837975609" lines-valid="18075" lines-covered="14442" line-rate="0.799" branches-valid="2966" branches-covered="1713" branch-rate="0.5775" complexity="0">
	<!-- Generated by coverage.py: https://coverage.readthedocs.io/en/7.14.3 -->
	<!-- Based on https://raw.githubusercontent.com/cobertura/web/master/htdocs/xml/coverage-04.dtd -->
	<sources>
		<source>/home/wania/Documentos/git-workspace/piccolo</source>
	</sources>
	<packages>
		<package name="." line-rate="0" branch-rate="0" complexity="0">
			<classes>
				<class name="extract_metrics_after_pytest.py" filename="extract_metrics_after_pytest.py" complexity="0" line-rate="0" branch-rate="0">
					<methods/>
					<lines>
						<line number="1" hits="0"/>
						<line number="2" hits="0"/>
						<line number="3" hits="0"/>
						<line number="4" hits="0"/>
						<line number="9" hits="0"/>
						<line number="13" hits="0"/>
						<line number="16" hits="0"/>
						<line number="19" hits="0"/>
						<line number="21" hits="0" branch="true" condition-coverage="0% (0/2)" missing-branches="22,27"/>
						<line number="22" hits="0" branch="true" condition-coverage="0% (0/2)" missing-branches="23,27"/>
						<line number="23" hits="0" branch="true" condition-coverage="0% (0/2)" missing-branches="22,24"/>
						<line number="24" hits="0"/>
						<line number="25" hits="0"/>
						<line number="27" hits="0" branch="true" condition-coverage="0% (0/2)" missing-branches="28,34"/>
						<line number="28" hits="0"/>
						<line number="29" hits="0"/>
						<line number="30" hits="0"/>
						<line number="31" hits="0"/>
						<line number="34" hits="0"/>
						<line number="36" hits="0"/>
						<line number="37" hits="0"/>
						<line number="38" hits="0"/>
						<line number="39" hits="0"/>
						<line number="41" hits="0"/>
						<line number="61" hits="0"/>
						<line number="62" hits="0"/>
						<line number="63" hits="0"/>
						<line number="64" hits="0"/>
						<line number="65" hits="0"/>
						<line number="66" hits="0"/>
						<line number="67" hits="0"/>
						<line number="68" hits="0"/>
					</lines>
				</class>
				<class name="extract_metrics_before_codecarbon.py" filename="extract_metrics_before_codecarbon.py" complexity="0" line-rate="0" branch-rate="0">
					<methods/>
					<lines>
						<line number="1" hits="0"/>
						<line number="2" hits="0"/>
						<line number="3" hits="0"/>
						<line number="4" hits="0"/>
						<line number="9" hits="0"/>
						<line number="12" hits="0"/>
						<line number="16" hits="0"/>
						<line number="26" hits="0"/>
						<line number="29" hits="0"/>
						<line number="32" hits="0"/>
						<line number="34" hits="0"/>
						<line number="43" hits="0"/>
						<line number="44" hits="0"/>
						<line number="45" hits="0" branch="true" condition-coverage="0% (0/2)" missing-branches="46,48"/>
						<line number="46" hits="0"/>
						<line number="48" hits="0"/>
						<line number="50" hits="0"/>
						<line number="51" hits="0"/>
						<line number="55" hits="0"/>
						<line number="56" hits="0"/>
						<line number="57" hits="0"/>
						<line number="58" hits="0"/>
						<line number="60" hits="0"/>
						<line number="62" hits="0"/>
						<line number="63" hits="0"/>
						<line number="64" hits="0"/>
						<line number="65" hits="0"/>
						<line number="66" hits="0"/>
					</lines>
				</class>
				<class name="extract_metrics_before_pylint.py" filename="extract_metrics_before_pylint.py" complexity="0" line-rate="0" branch-rate="0">
					<methods/>
					<lines>
						<line number="1" hits="0"/>
						<line number="2" hits="0"/>
						<line number="3" hits="0"/>
						<line number="4" hits="0"/>
						<line number="5" hits="0"/>
						<line number="8" hits="0"/>
						<line number="9" hits="0"/>
						<line number="11" hits="0"/>
						<line number="14" hits="0"/>
						<line number="16" hits="0"/>
						<line number="24" hits="0"/>
						<line number="25" hits="0"/>
						<line number="26" hits="0"/>
						<line number="27" hits="0"/>
						<line number="30" hits="0"/>
						<line number="31" hits="0"/>
						<line number="32" hits="0"/>
						<line number="33" hits="0"/>
						<line number="34" hits="0"/>
						<line number="36" hits="0" branch="true" condition-coverage="0% (0/2)" missing-branches="37,41"/>
						<line number="37" hits="0"/>
						<line number="38" hits="0"/>
						<line number="41" hits="0"/>
						<line number="42" hits="0" branch="true" condition-coverage="0% (0/2)" missing-branches="43,46"/>
						<line number="43" hits="0"/>
						<line number="44" hits="0"/>
						<line number="46" hits="0"/>
						<line number="54" hits="0" branch="true" condition-coverage="0% (0/2)" missing-branches="55,60"/>
						<line number="55" hits="0"/>
						<line number="56" hits="0"/>
						<line number="57" hits="0"/>
						<line number="58" hits="0"/>
						<line number="60" hits="0"/>
						<line number="63" hits="0"/>
						<line number="64" hits="0"/>
						<line number="65" hits="0"/>
						<line number="66" hits="0"/>
						<line number="67" hits="0"/>
						<line number="73" hits="0"/>
						<line number="76" hits="0"/>
						<line number="77" hits="0" branch="true" condition-coverage="0% (0/2)" missing-branches="78,83"/>
						<line number="78" hits="0"/>
						<line number="79" hits="0"/>
						<line number="80" hits="0"/>
						<line number="81" hits="0"/>
						<line number="83" hits="0"/>
						<line number="91" hits="0"/>
						<line number="92" hits="0"/>
						<line number="93" hits="0"/>
						<line number="94" hits="0"/>
						<line number="97" hits="0"/>
						<line number="98" hits="0"/>
						<line number="106" hits="0"/>
						<line number="107" hits="0"/>
						<line number="108" hits="0"/>
						<line number="109" hits="0"/>
						<line number="110" hits="0"/>
						<line number="112" hits="0"/>
					</lines>
				</class>
				<class name="extract_metrics_before_pytest.py" filename="extract_metrics_before_pytest.py" complexity="0" line-rate="0" branch-rate="0">
					<methods/>
					<lines>
						<line number="1" hits="0"/>
						<line number="2" hits="0"/>
						<line number="3" hits="0"/>
						<line number="4" hits="0"/>
						<line number="9" hits="0"/>
						<line number="13" hits="0"/>
						<line number="16" hits="0"/>
						<line number="19" hits="0"/>
						<line number="21" hits="0" branch="true" condition-coverage="0% (0/2)" missing-branches="22,27"/>
						<line number="22" hits="0" branch="true" condition-coverage="0% (0/2)" missing-branches="23,27"/>
						<line number="23" hits="0" branch="true" condition-coverage="0% (0/2)" missing-branches="22,24"/>
						<line number="24" hits="0"/>
						<line number="25" hits="0"/>
						<line number="27" hits="0" branch="true" condition-coverage="0% (0/2)" missing-branches="28,34"/>
						<line number="28" hits="0"/>
						<line number="29" hits="0"/>
						<line number="30" hits="0"/>
						<line number="31" hits="0"/>
						<line number="34" hits="0"/>
						<line number="36" hits="0"/>
						<line number="37" hits="0"/>
						<line number="38" hits="0"/>
						<line number="39" hits="0"/>
						<line number="41" hits="0"/>
						<line number="61" hits="0"/>
						<line number="62" hits="0"/>
						<line number="63" hits="0"/>
						<line number="64" hits="0"/>
						<line number="65" hits="0"/>
						<line number="66" hits="0"/>
						<line number="67" hits="0"/>
						<line number="68" hits="0"/>
					</lines>
				</class>
				<class name="extract_metrics_before_radon.py" filename="extract_metrics_before_radon.py" complexity="0" line-rate="0" branch-rate="0">
					<methods/>
					<lines>
						<line number="1" hits="0"/>
						<line number="2" hits="0"/>
						<line number="3" hits="0"/>
						<line number="4" hits="0"/>
						<line number="6" hits="0"/>
						<line number="7" hits="0"/>
						<line number="10" hits="0"/>
						<line number="11" hits="0"/>
						<line number="12" hits="0"/>
						<line number="14" hits="0"/>
						<line number="15" hits="0"/>
						<line number="16" hits="0"/>
						<line number="17" hits="0"/>
						<line number="18" hits="0"/>
						<line number="19" hits="0"/>
						<line number="20" hits="0"/>
						<line number="21" hits="0"/>
						<line number="24" hits="0"/>
						<line number="25" hits="0"/>
						<line number="27" hits="0"/>
						<line number="28" hits="0"/>
						<line number="29" hits="0"/>
						<line number="30" hits="0"/>
						<line number="31" hits="0"/>
						<line number="32" hits="0"/>
						<line number="33" hits="0"/>
						<line number="34" hits="0"/>
						<line number="36" hits="0"/>
						<line number="38" hits="0"/>
						<line number="42" hits="0"/>
						<line number="45" hits="0"/>
						<line number="46" hits="0"/>
						<line number="47" hits="0"/>
						<line number="48" hits="0"/>
						<line number="49" hits="0"/>
						<line number="50" hits="0"/>
						<line number="53" hits="0" branch="true" condition-coverage="0% (0/2)" missing-branches="54,61"/>
						<line number="54" hits="0"/>
						<line number="61" hits="0"/>
						<line number="62" hits="0"/>
						<line number="63" hits="0" branch="true" condition-coverage="0% (0/2)" missing-branches="64,78"/>
						<line number="64" hits="0" branch="true" condition-coverage="0% (0/2)" missing-branches="65,66"/>
						<line number="65" hits="0"/>
						<line number="66" hits="0"/>
						<line number="76" hits="0" branch="true" condition-coverage="0% (0/2)" missing-branches="63,77"/>
						<line number="77" hits="0"/>
						<line number="78" hits="0"/>
						<line number="80" hits="0"/>
						<line number="82" hits="0" branch="true" condition-coverage="0% (0/2)" missing-branches="83,120"/>
						<line number="83" hits="0"/>
						<line number="84" hits="0" branch="true" condition-coverage="0% (0/2)" missing-branches="85,92"/>
						<line number="85" hits="0"/>
						<line number="86" hits="0" branch="true" condition-coverage="0% (0/2)" missing-branches="87,88"/>
						<line number="87" hits="0"/>
						<line number="88" hits="0"/>
						<line number="89" hits="0"/>
						<line number="90" hits="0"/>
						<line number="92" hits="0" branch="true" condition-coverage="0% (0/2)" missing-branches="93,107"/>
						<line number="93" hits="0"/>
						<line number="94" hits="0"/>
						<line number="95" hits="0"/>
						<line number="107" hits="0"/>
						<line number="120" hits="0"/>
						<line number="122" hits="0" branch="true" condition-coverage="0% (0/2)" missing-branches="123,147"/>
						<line number="123" hits="0"/>
						<line number="125" hits="0"/>
						<line number="126" hits="0"/>
						<line number="127" hits="0" branch="true" condition-coverage="0% (0/2)" missing-branches="128,130"/>
						<line number="128" hits="0"/>
						<line number="129" hits="0"/>
						<line number="130" hits="0"/>
						<line number="132" hits="0" branch="true" condition-coverage="0% (0/2)" missing-branches="122,133"/>
						<line number="133" hits="0"/>
						<line number="134" hits="0"/>
						<line number="135" hits="0" branch="true" condition-coverage="0% (0/2)" missing-branches="136,138"/>
						<line number="136" hits="0"/>
						<line number="137" hits="0"/>
						<line number="138" hits="0"/>
						<line number="140" hits="0"/>
						<line number="141" hits="0" branch="true" condition-coverage="0% (0/2)" missing-branches="142,144"/>
						<line number="142" hits="0"/>
						<line number="143" hits="0"/>
						<line number="144" hits="0"/>
						<line number="147" hits="0"/>
						<line number="149" hits="0" branch="true" condition-coverage="0% (0/2)" missing-branches="150,157"/>
						<line number="150" hits="0"/>
						<line number="151" hits="0" branch="true" condition-coverage="0% (0/2)" missing-branches="152,155"/>
						<line number="152" hits="0"/>
						<line number="153" hits="0"/>
						<line number="154" hits="0"/>
						<line number="155" hits="0"/>
						<line number="157" hits="0"/>
						<line number="160" hits="0"/>
						<line number="161" hits="0" branch="true" condition-coverage="0% (0/2)" missing-branches="162,164"/>
						<line number="162" hits="0"/>
						<line number="163" hits="0"/>
						<line number="164" hits="0" branch="true" condition-coverage="0% (0/2)" missing-branches="165,166"/>
						<line number="165" hits="0"/>
						<line number="166" hits="0"/>
						<line number="167" hits="0"/>
						<line number="168" hits="0"/>
						<line number="169" hits="0"/>
						<line number="170" hits="0"/>
						<line number="171" hits="0"/>
						<line number="173" hits="0"/>
						<line number="174" hits="0"/>
						<line number="175" hits="0"/>
						<line number="176" hits="0"/>
						<line number="177" hits="0"/>
						<line number="178" hits="0"/>
						<line number="180" hits="0"/>
					</lines>
				</class>
				<class name="extract_score_before_pylint.py" filename="extract_score_before_pylint.py" complexity="0" line-rate="0" branch-rate="0">
					<methods/>
					<lines>
						<line number="1" hits="0"/>
						<line number="2" hits="0"/>
						<line number="4" hits="0"/>
						<line number="5" hits="0"/>
						<line number="7" hits="0"/>
						<line number="9" hits="0"/>
						<line number="16" hits="0"/>
						<line number="17" hits="0"/>
						<line number="18" hits="0" branch="true" condition-coverage="0% (0/2)" missing-branches="19,23"/>
						<line number="19" hits="0" branch="true" condition-coverage="0% (0/2)" missing-branches="18,20"/>
						<line number="20" hits="0"/>
						<line number="21" hits="0"/>
						<line number="23" hits="0"/>
					</lines>
				</class>
				<class name="piccolo_conf.py" filename="piccolo_conf.py" complexity="0" line-rate="0" branch-rate="1">
					<methods/>
					<lines>
						<line number="11" hits="0"/>
						<line number="12" hits="0"/>
						<line number="14" hits="0"/>
						<line number="19" hits="0"/>
					</lines>
				</class>
				<class name="setup.py" filename="setup.py" complexity="0" line-rate="0" branch-rate="1">
					<methods/>
					<lines>
						<line number="4" hits="0"/>
						<line number="5" hits="0"/>
						<line number="7" hits="0"/>
						<line number="9" hits="0"/>
						<line number="11" hits="0"/>
						<line number="13" hits="0"/>
						<line number="16" hits="0"/>
						<line number="17" hits="0"/>
						<line number="20" hits="0"/>
						<line number="29" hits="0"/>
						<line number="30" hits="0"/>
						<line number="31" hits="0"/>
						<line number="34" hits="0"/>
						<line number="38" hits="0"/>
						<line number="43" hits="0"/>
						<line number="47" hits="0"/>
						<line number="50" hits="0"/>
					</lines>
				</class>
			</classes>
		</package>
		<package name="piccolo" line-rate="0.8374" branch-rate="0.716" complexity="0">
			<classes>
				<class name="__init__.py" filename="piccolo/__init__.py" complexity="0" line-rate="1" branch-rate="1">
					<methods/>
					<lines>
						<line number="1" hits="1"/>
					</lines>
				</class>
				<class name="custom_types.py" filename="piccolo/custom_types.py" complexity="0" line-rate="1" branch-rate="1">
					<methods/>
					<lines>
						<line number="1" hits="1"/>
						<line number="3" hits="1"/>
						<line number="4" hits="1"/>
						<line number="5" hits="1"/>
						<line number="6" hits="1"/>
						<line number="7" hits="1"/>
						<line number="9" hits="1"/>
						<line number="16" hits="1"/>
						<line number="17" hits="1"/>
						<line number="20" hits="1"/>
						<line number="21" hits="1"/>
						<line number="25" hits="1"/>
						<line number="43" hits="1"/>
					</lines>
				</class>
				<class name="main.py" filename="piccolo/main.py" complexity="0" line-rate="0.7895" branch-rate="0.55">
					<methods/>
					<lines>
						<line number="1" hits="1"/>
						<line number="2" hits="1"/>
						<line number="4" hits="1"/>
						<line number="6" hits="1"/>
						<line number="7" hits="1"/>
						<line number="9" hits="0"/>
						<line number="10" hits="1"/>
						<line number="13" hits="1"/>
						<line number="14" hits="1"/>
						<line number="15" hits="1"/>
						<line number="16" hits="1"/>
						<line number="17" hits="1"/>
						<line number="18" hits="1"/>
						<line number="19" hits="1"/>
						<line number="20" hits="1"/>
						<line number="21" hits="1"/>
						<line number="22" hits="1"/>
						<line number="23" hits="1"/>
						<line number="24" hits="1"/>
						<line number="25" hits="1"/>
						<line number="26" hits="1"/>
						<line number="27" hits="1"/>
						<line number="28" hits="1"/>
						<line number="30" hits="1"/>
						<line number="33" hits="1"/>
						<line number="34" hits="1"/>
						<line number="37" hits="1"/>
						<line number="42" hits="1"/>
						<line number="47" hits="1"/>
						<line number="48" hits="1" branch="true" condition-coverage="50% (1/2)" missing-branches="49"/>
						<line number="49" hits="0"/>
						<line number="50" hits="0" branch="true" condition-coverage="0% (0/2)" missing-branches="51,52"/>
						<line number="51" hits="0"/>
						<line number="52" hits="0"/>
						<line number="56" hits="1"/>
						<line number="61" hits="1" branch="true" condition-coverage="100% (2/2)"/>
						<line number="75" hits="1" branch="true" condition-coverage="100% (2/2)"/>
						<line number="76" hits="1"/>
						<line number="86" hits="1"/>
						<line number="87" hits="1"/>
						<line number="88" hits="0"/>
						<line number="89" hits="0"/>
						<line number="95" hits="1" branch="true" condition-coverage="100% (2/2)"/>
						<line number="96" hits="1" branch="true" condition-coverage="50% (1/2)" missing-branches="97"/>
						<line number="97" hits="0" branch="true" condition-coverage="0% (0/2)" missing-branches="102,104"/>
						<line number="102" hits="0"/>
						<line number="104" hits="0"/>
						<line number="111" hits="1" branch="true" condition-coverage="50% (1/2)" missing-branches="146"/>
						<line number="119" hits="1"/>
						<line number="120" hits="1"/>
						<line number="123" hits="1" branch="true" condition-coverage="50% (1/2)" missing-branches="146"/>
						<line number="124" hits="1"/>
						<line number="130" hits="1"/>
						<line number="141" hits="0"/>
						<line number="146" hits="1"/>
						<line number="149" hits="1" branch="true" condition-coverage="50% (1/2)" missing-branches="150"/>
						<line number="150" hits="0"/>
					</lines>
				</class>
				<class name="querystring.py" filename="piccolo/querystring.py" complexity="0" line-rate="0.898" branch-rate="0.7941">
					<methods/>
					<lines>
						<line number="1" hits="1"/>
						<line number="3" hits="1"/>
						<line number="4" hits="1"/>
						<line number="5" hits="1"/>
						<line number="6" hits="1"/>
						<line number="7" hits="1"/>
						<line number="8" hits="1"/>
						<line number="9" hits="1"/>
						<line number="15" hits="1"/>
						<line number="17" hits="1" branch="true" condition-coverage="50% (1/2)" missing-branches="20"/>
						<line number="18" hits="1"/>
						<line number="20" hits="0"/>
						<line number="23" hits="1"/>
						<line number="28" hits="1"/>
						<line number="30" hits="1"/>
						<line number="32" hits="1"/>
						<line number="33" hits="1"/>
						<line number="43" hits="1"/>
						<line number="47" hits="0"/>
						<line number="48" hits="0"/>
						<line number="51" hits="1"/>
						<line number="52" hits="1"/>
						<line number="53" hits="1"/>
						<line number="54" hits="1"/>
						<line number="55" hits="1"/>
						<line number="58" hits="1"/>
						<line number="66" hits="1"/>
						<line number="75" hits="1"/>
						<line number="100" hits="1"/>
						<line number="101" hits="1"/>
						<line number="102" hits="1"/>
						<line number="103" hits="1"/>
						<line number="104" hits="1"/>
						<line number="105" hits="1"/>
						<line number="107" hits="1"/>
						<line number="114" hits="1"/>
						<line number="116" hits="1"/>
						<line number="117" hits="1"/>
						<line number="119" hits="1" branch="true" condition-coverage="100% (2/2)"/>
						<line number="120" hits="1" branch="true" condition-coverage="100% (2/2)"/>
						<line number="121" hits="1"/>
						<line number="122" hits="1"/>
						<line number="125" hits="1" branch="true" condition-coverage="100% (2/2)"/>
						<line number="126" hits="1"/>
						<line number="128" hits="1"/>
						<line number="130" hits="1"/>
						<line number="132" hits="1"/>
						<line number="133" hits="1"/>
						<line number="134" hits="1"/>
						<line number="136" hits="1"/>
						<line number="141" hits="1"/>
						<line number="144" hits="1"/>
						<line number="150" hits="1"/>
						<line number="151" hits="1" branch="true" condition-coverage="100% (2/2)"/>
						<line number="152" hits="1"/>
						<line number="153" hits="1" branch="true" condition-coverage="100% (2/2)"/>
						<line number="154" hits="1"/>
						<line number="155" hits="1" branch="true" condition-coverage="50% (1/2)" missing-branches="156"/>
						<line number="156" hits="0"/>
						<line number="157" hits="0"/>
						<line number="158" hits="1" branch="true" condition-coverage="50% (1/2)" missing-branches="159"/>
						<line number="159" hits="0"/>
						<line number="160" hits="1" branch="true" condition-coverage="100% (2/2)"/>
						<line number="161" hits="1"/>
						<line number="163" hits="1"/>
						<line number="165" hits="1"/>
						<line number="167" hits="1"/>
						<line number="174" hits="1"/>
						<line number="178" hits="1"/>
						<line number="179" hits="1"/>
						<line number="181" hits="1" branch="true" condition-coverage="100% (2/2)"/>
						<line number="182" hits="1"/>
						<line number="183" hits="1"/>
						<line number="184" hits="1"/>
						<line number="186" hits="1"/>
						<line number="187" hits="1"/>
						<line number="189" hits="1" branch="true" condition-coverage="100% (2/2)"/>
						<line number="190" hits="1"/>
						<line number="191" hits="1"/>
						<line number="193" hits="1"/>
						<line number="199" hits="1"/>
						<line number="200" hits="1"/>
						<line number="201" hits="1"/>
						<line number="202" hits="1"/>
						<line number="204" hits="1"/>
						<line number="206" hits="1"/>
						<line number="213" hits="1" branch="true" condition-coverage="100% (2/2)"/>
						<line number="214" hits="1"/>
						<line number="216" hits="1"/>
						<line number="219" hits="1" branch="true" condition-coverage="100% (2/2)"/>
						<line number="220" hits="1"/>
						<line number="226" hits="1" branch="true" condition-coverage="50% (1/2)" missing-branches="233"/>
						<line number="227" hits="1"/>
						<line number="233" hits="0"/>
						<line number="235" hits="1"/>
						<line number="237" hits="1"/>
						<line number="238" hits="1"/>
						<line number="244" hits="1"/>
						<line number="247" hits="1" branch="true" condition-coverage="50% (1/2)" missing-branches="250"/>
						<line number="248" hits="1"/>
						<line number="250" hits="0"/>
						<line number="252" hits="1"/>
						<line number="253" hits="0"/>
						<line number="260" hits="1"/>
						<line number="261" hits="1" branch="true" condition-coverage="50% (1/2)" missing-branches="262"/>
						<line number="262" hits="0"/>
						<line number="264" hits="1"/>
						<line number="266" hits="1"/>
						<line number="267" hits="1" branch="true" condition-coverage="50% (1/2)" missing-branches="268"/>
						<line number="268" hits="0"/>
						<line number="270" hits="1"/>
						<line number="272" hits="1"/>
						<line number="273" hits="0"/>
						<line number="275" hits="1"/>
						<line number="276" hits="0"/>
						<line number="278" hits="1"/>
						<line number="279" hits="0"/>
						<line number="281" hits="0"/>
						<line number="283" hits="1"/>
						<line number="284" hits="1"/>
						<line number="286" hits="1"/>
						<line number="287" hits="1"/>
						<line number="289" hits="1"/>
						<line number="290" hits="1"/>
						<line number="292" hits="1"/>
						<line number="293" hits="1"/>
						<line number="295" hits="1"/>
						<line number="296" hits="1"/>
						<line number="298" hits="1"/>
						<line number="299" hits="1"/>
						<line number="301" hits="1"/>
						<line number="302" hits="1"/>
						<line number="304" hits="1"/>
						<line number="305" hits="1"/>
						<line number="307" hits="1"/>
						<line number="308" hits="1"/>
						<line number="310" hits="1"/>
						<line number="311" hits="1"/>
						<line number="313" hits="1"/>
						<line number="314" hits="1"/>
						<line number="316" hits="1"/>
						<line number="317" hits="1"/>
						<line number="319" hits="1"/>
						<line number="320" hits="1"/>
						<line number="322" hits="1"/>
						<line number="323" hits="1"/>
						<line number="326" hits="1"/>
					</lines>
				</class>
				<class name="schema.py" filename="piccolo/schema.py" complexity="0" line-rate="0.4909" branch-rate="0.08333">
					<methods/>
					<lines>
						<line number="1" hits="1"/>
						<line number="3" hits="1"/>
						<line number="4" hits="1"/>
						<line number="6" hits="1"/>
						<line number="7" hits="1"/>
						<line number="8" hits="1"/>
						<line number="9" hits="1"/>
						<line number="12" hits="1"/>
						<line number="13" hits="1"/>
						<line number="15" hits="1"/>
						<line number="16" hits="1"/>
						<line number="17" hits="1"/>
						<line number="20" hits="1"/>
						<line number="21" hits="0"/>
						<line number="23" hits="1"/>
						<line number="24" hits="0"/>
						<line number="26" hits="1"/>
						<line number="27" hits="0"/>
						<line number="29" hits="1"/>
						<line number="30" hits="0"/>
						<line number="33" hits="1"/>
						<line number="34" hits="1"/>
						<line number="41" hits="0"/>
						<line number="42" hits="0"/>
						<line number="43" hits="0"/>
						<line number="45" hits="1"/>
						<line number="46" hits="0" branch="true" condition-coverage="0% (0/2)" missing-branches="47,49"/>
						<line number="47" hits="0"/>
						<line number="49" hits="0"/>
						<line number="51" hits="1"/>
						<line number="52" hits="1"/>
						<line number="53" hits="0"/>
						<line number="54" hits="0" branch="true" condition-coverage="0% (0/2)" missing-branches="55,56"/>
						<line number="55" hits="0"/>
						<line number="56" hits="0"/>
						<line number="58" hits="0"/>
						<line number="61" hits="1"/>
						<line number="62" hits="1"/>
						<line number="70" hits="0"/>
						<line number="71" hits="0"/>
						<line number="72" hits="0"/>
						<line number="73" hits="0"/>
						<line number="75" hits="1"/>
						<line number="76" hits="1"/>
						<line number="77" hits="0"/>
						<line number="78" hits="0" branch="true" condition-coverage="0% (0/2)" missing-branches="79,80"/>
						<line number="79" hits="0"/>
						<line number="80" hits="0"/>
						<line number="82" hits="0" branch="true" condition-coverage="0% (0/2)" missing-branches="83,85"/>
						<line number="83" hits="0"/>
						<line number="85" hits="0"/>
						<line number="88" hits="1"/>
						<line number="89" hits="1"/>
						<line number="95" hits="0"/>
						<line number="96" hits="0"/>
						<line number="97" hits="0"/>
						<line number="99" hits="1"/>
						<line number="100" hits="1"/>
						<line number="101" hits="0"/>
						<line number="107" hits="1"/>
						<line number="108" hits="1"/>
						<line number="115" hits="0"/>
						<line number="116" hits="0"/>
						<line number="117" hits="0"/>
						<line number="118" hits="0"/>
						<line number="120" hits="1"/>
						<line number="121" hits="1"/>
						<line number="122" hits="0"/>
						<line number="123" hits="0" branch="true" condition-coverage="0% (0/2)" missing-branches="124,126"/>
						<line number="124" hits="0"/>
						<line number="126" hits="0"/>
						<line number="129" hits="1"/>
						<line number="130" hits="1"/>
						<line number="131" hits="0"/>
						<line number="132" hits="0"/>
						<line number="134" hits="1"/>
						<line number="135" hits="0"/>
						<line number="148" hits="0"/>
						<line number="150" hits="1"/>
						<line number="151" hits="0"/>
						<line number="153" hits="1"/>
						<line number="154" hits="0"/>
						<line number="157" hits="1"/>
						<line number="158" hits="1"/>
						<line number="159" hits="0"/>
						<line number="161" hits="1"/>
						<line number="162" hits="0"/>
						<line number="170" hits="0"/>
						<line number="172" hits="1"/>
						<line number="173" hits="0"/>
						<line number="175" hits="1"/>
						<line number="176" hits="0"/>
						<line number="179" hits="1"/>
						<line number="180" hits="1"/>
						<line number="188" hits="1"/>
						<line number="190" hits="1" branch="true" condition-coverage="50% (1/2)" missing-branches="191"/>
						<line number="191" hits="0"/>
						<line number="193" hits="1"/>
						<line number="195" hits="1"/>
						<line number="209" hits="0"/>
						<line number="215" hits="1"/>
						<line number="236" hits="0"/>
						<line number="243" hits="1"/>
						<line number="260" hits="0"/>
						<line number="266" hits="1"/>
						<line number="288" hits="0"/>
						<line number="295" hits="1"/>
						<line number="306" hits="0"/>
						<line number="308" hits="1"/>
						<line number="316" hits="0"/>
					</lines>
				</class>
				<class name="table.py" filename="piccolo/table.py" complexity="0" line-rate="0.955" branch-rate="0.8537">
					<methods/>
					<lines>
						<line number="1" hits="1"/>
						<line number="3" hits="1"/>
						<line number="4" hits="1"/>
						<line number="5" hits="1"/>
						<line number="6" hits="1"/>
						<line number="7" hits="1"/>
						<line number="8" hits="1"/>
						<line number="9" hits="1"/>
						<line number="10" hits="1"/>
						<line number="12" hits="1"/>
						<line number="13" hits="1"/>
						<line number="22" hits="1"/>
						<line number="23" hits="1"/>
						<line number="24" hits="1"/>
						<line number="30" hits="1"/>
						<line number="31" hits="1"/>
						<line number="32" hits="1"/>
						<line number="33" hits="1"/>
						<line number="34" hits="1"/>
						<line number="48" hits="1"/>
						<line number="49" hits="1"/>
						<line number="50" hits="1"/>
						<line number="51" hits="1"/>
						<line number="52" hits="1"/>
						<line number="53" hits="1"/>
						<line number="54" hits="1"/>
						<line number="55" hits="1"/>
						<line number="56" hits="1"/>
						<line number="61" hits="1"/>
						<line number="62" hits="1"/>
						<line number="68" hits="1"/>
						<line number="71" hits="1"/>
						<line number="72" hits="1"/>
						<line number="80" hits="1"/>
						<line number="81" hits="1"/>
						<line number="82" hits="1"/>
						<line number="83" hits="1"/>
						<line number="84" hits="1"/>
						<line number="85" hits="1"/>
						<line number="86" hits="1"/>
						<line number="87" hits="1"/>
						<line number="88" hits="1"/>
						<line number="89" hits="1"/>
						<line number="90" hits="1"/>
						<line number="93" hits="1"/>
						<line number="94" hits="1"/>
						<line number="99" hits="1"/>
						<line number="100" hits="1"/>
						<line number="101" hits="1"/>
						<line number="102" hits="1"/>
						<line number="103" hits="1"/>
						<line number="108" hits="1"/>
						<line number="110" hits="1"/>
						<line number="116" hits="1"/>
						<line number="117" hits="1"/>
						<line number="118" hits="1"/>
						<line number="120" hits="1"/>
						<line number="121" hits="1"/>
						<line number="122" hits="0"/>
						<line number="124" hits="1"/>
						<line number="125" hits="1"/>
						<line number="126" hits="1"/>
						<line number="128" hits="1"/>
						<line number="129" hits="1"/>
						<line number="130" hits="1"/>
						<line number="132" hits="1"/>
						<line number="133" hits="1"/>
						<line number="134" hits="1"/>
						<line number="136" hits="1"/>
						<line number="137" hits="1"/>
						<line number="138" hits="1"/>
						<line number="140" hits="1"/>
						<line number="141" hits="1"/>
						<line number="142" hits="1"/>
						<line number="144" hits="1"/>
						<line number="145" hits="1"/>
						<line number="146" hits="1"/>
						<line number="148" hits="1"/>
						<line number="149" hits="1"/>
						<line number="150" hits="1"/>
						<line number="152" hits="1"/>
						<line number="153" hits="1"/>
						<line number="154" hits="1"/>
						<line number="156" hits="1"/>
						<line number="157" hits="1"/>
						<line number="158" hits="1"/>
						<line number="160" hits="1"/>
						<line number="174" hits="1"/>
						<line number="175" hits="1" branch="true" condition-coverage="50% (1/2)" missing-branches="176"/>
						<line number="176" hits="0"/>
						<line number="178" hits="1" branch="true" condition-coverage="50% (1/2)" missing-branches="181"/>
						<line number="179" hits="1"/>
						<line number="181" hits="0"/>
						<line number="183" hits="1"/>
						<line number="184" hits="1"/>
						<line number="185" hits="1"/>
						<line number="186" hits="1"/>
						<line number="189" hits="1"/>
						<line number="191" hits="1"/>
						<line number="193" hits="1"/>
						<line number="194" hits="1"/>
						<line number="195" hits="1" branch="true" condition-coverage="100% (2/2)"/>
						<line number="196" hits="1"/>
						<line number="197" hits="1" branch="true" condition-coverage="50% (1/2)" missing-branches="198"/>
						<line number="198" hits="0"/>
						<line number="199" hits="1"/>
						<line number="201" hits="1"/>
						<line number="203" hits="1"/>
						<line number="204" hits="1"/>
						<line number="205" hits="0"/>
						<line number="207" hits="1"/>
						<line number="208" hits="0"/>
						<line number="209" hits="0" branch="true" condition-coverage="0% (0/2)" missing-branches="210,211"/>
						<line number="210" hits="0"/>
						<line number="211" hits="0"/>
						<line number="213" hits="1"/>
						<line number="228" hits="1"/>
						<line number="229" hits="1"/>
						<line number="230" hits="1"/>
						<line number="243" hits="1" branch="true" condition-coverage="100% (2/2)"/>
						<line number="244" hits="1"/>
						<line number="246" hits="1" branch="true" condition-coverage="50% (1/2)" missing-branches="247"/>
						<line number="247" hits="0" branch="true" condition-coverage="0% (0/2)" missing-branches="248,255"/>
						<line number="248" hits="0"/>
						<line number="249" hits="0"/>
						<line number="250" hits="0"/>
						<line number="251" hits="0"/>
						<line number="255" hits="1"/>
						<line number="257" hits="1"/>
						<line number="261" hits="1"/>
						<line number="262" hits="1" branch="true" condition-coverage="100% (2/2)"/>
						<line number="263" hits="1"/>
						<line number="264" hits="1" branch="true" condition-coverage="50% (1/2)" missing-branches="266"/>
						<line number="265" hits="1"/>
						<line number="266" hits="1"/>
						<line number="267" hits="1"/>
						<line number="270" hits="1"/>
						<line number="271" hits="1"/>
						<line number="272" hits="1"/>
						<line number="273" hits="1"/>
						<line number="274" hits="1"/>
						<line number="275" hits="1"/>
						<line number="276" hits="1"/>
						<line number="277" hits="1"/>
						<line number="278" hits="1"/>
						<line number="279" hits="1"/>
						<line number="280" hits="1"/>
						<line number="281" hits="1"/>
						<line number="282" hits="1"/>
						<line number="285" hits="1"/>
						<line number="286" hits="1"/>
						<line number="287" hits="1"/>
						<line number="289" hits="1"/>
						<line number="312" hits="0"/>
						<line number="315" hits="1"/>
						<line number="316" hits="1"/>
						<line number="317" hits="1"/>
						<line number="318" hits="1"/>
						<line number="319" hits="1"/>
						<line number="320" hits="1"/>
						<line number="321" hits="1"/>
						<line number="322" hits="1"/>
						<line number="323" hits="1"/>
						<line number="324" hits="1"/>
						<line number="325" hits="1"/>
						<line number="326" hits="1"/>
						<line number="327" hits="1"/>
						<line number="330" hits="1"/>
						<line number="337" hits="1"/>
						<line number="339" hits="1"/>
						<line number="368" hits="1" branch="true" condition-coverage="100% (2/2)"/>
						<line number="369" hits="1"/>
						<line number="370" hits="1"/>
						<line number="371" hits="1"/>
						<line number="373" hits="1" branch="true" condition-coverage="100% (2/2)"/>
						<line number="374" hits="1"/>
						<line number="375" hits="1"/>
						<line number="376" hits="1"/>
						<line number="377" hits="1"/>
						<line number="378" hits="1"/>
						<line number="380" hits="1"/>
						<line number="382" hits="1"/>
						<line number="403" hits="1"/>
						<line number="405" hits="1"/>
						<line number="407" hits="1"/>
						<line number="408" hits="1"/>
						<line number="413" hits="1"/>
						<line number="415" hits="1" branch="true" condition-coverage="100% (2/2)"/>
						<line number="416" hits="1"/>
						<line number="420" hits="1"/>
						<line number="422" hits="1" branch="true" condition-coverage="100% (2/2)"/>
						<line number="423" hits="1"/>
						<line number="425" hits="1"/>
						<line number="427" hits="1"/>
						<line number="428" hits="1"/>
						<line number="429" hits="1"/>
						<line number="430" hits="1"/>
						<line number="431" hits="1"/>
						<line number="432" hits="1"/>
						<line number="433" hits="1"/>
						<line number="434" hits="1"/>
						<line number="435" hits="1"/>
						<line number="436" hits="1"/>
						<line number="437" hits="1"/>
						<line number="438" hits="1"/>
						<line number="439" hits="1"/>
						<line number="441" hits="1"/>
						<line number="444" hits="1"/>
						<line number="446" hits="1" branch="true" condition-coverage="100% (2/2)"/>
						<line number="447" hits="1" branch="true" condition-coverage="100% (2/2)"/>
						<line number="448" hits="1"/>
						<line number="450" hits="1"/>
						<line number="451" hits="1" branch="true" condition-coverage="100% (2/2)"/>
						<line number="452" hits="1"/>
						<line number="453" hits="1"/>
						<line number="455" hits="1" branch="true" condition-coverage="100% (2/2)"/>
						<line number="456" hits="1"/>
						<line number="458" hits="1"/>
						<line number="459" hits="1"/>
						<line number="461" hits="1"/>
						<line number="462" hits="1"/>
						<line number="464" hits="1" branch="true" condition-coverage="100% (2/2)"/>
						<line number="465" hits="1"/>
						<line number="466" hits="1"/>
						<line number="468" hits="1" branch="true" condition-coverage="100% (2/2)"/>
						<line number="469" hits="1"/>
						<line number="471" hits="1" branch="true" condition-coverage="100% (2/2)"/>
						<line number="472" hits="1"/>
						<line number="474" hits="1" branch="true" condition-coverage="100% (2/2)"/>
						<line number="475" hits="1"/>
						<line number="477" hits="1" branch="true" condition-coverage="100% (2/2)"/>
						<line number="478" hits="1"/>
						<line number="480" hits="1" branch="true" condition-coverage="100% (2/2)"/>
						<line number="481" hits="1"/>
						<line number="483" hits="1" branch="true" condition-coverage="100% (2/2)"/>
						<line number="484" hits="1"/>
						<line number="485" hits="1"/>
						<line number="486" hits="1"/>
						<line number="488" hits="1"/>
						<line number="502" hits="1"/>
						<line number="503" hits="1"/>
						<line number="504" hits="1" branch="true" condition-coverage="100% (2/2)"/>
						<line number="505" hits="1"/>
						<line number="508" hits="1" branch="true" condition-coverage="100% (2/2)"/>
						<line number="509" hits="1"/>
						<line number="512" hits="1"/>
						<line number="515" hits="1" branch="true" condition-coverage="100% (2/2)"/>
						<line number="516" hits="1"/>
						<line number="520" hits="1"/>
						<line number="556" hits="1"/>
						<line number="558" hits="1"/>
						<line number="562" hits="1"/>
						<line number="564" hits="1" branch="true" condition-coverage="100% (2/2)"/>
						<line number="565" hits="1"/>
						<line number="567" hits="1" branch="true" condition-coverage="100% (2/2)"/>
						<line number="568" hits="1" branch="true" condition-coverage="100% (2/2)"/>
						<line number="569" hits="1"/>
						<line number="571" hits="1" branch="true" condition-coverage="100% (2/2)"/>
						<line number="572" hits="1"/>
						<line number="576" hits="1" branch="true" condition-coverage="100% (2/2)"/>
						<line number="577" hits="1"/>
						<line number="579" hits="1" branch="true" condition-coverage="100% (2/2)"/>
						<line number="580" hits="1"/>
						<line number="582" hits="1" branch="true" condition-coverage="100% (2/2)"/>
						<line number="587" hits="1"/>
						<line number="589" hits="1"/>
						<line number="591" hits="1"/>
						<line number="592" hits="1" branch="true" condition-coverage="100% (2/2)"/>
						<line number="593" hits="1"/>
						<line number="594" hits="1"/>
						<line number="596" hits="1"/>
						<line number="597" hits="1"/>
						<line number="598" hits="1"/>
						<line number="599" hits="1"/>
						<line number="600" hits="1"/>
						<line number="602" hits="1"/>
						<line number="604" hits="1"/>
						<line number="605" hits="1"/>
						<line number="613" hits="1"/>
						<line number="617" hits="1"/>
						<line number="637" hits="1"/>
						<line number="640" hits="1" branch="true" condition-coverage="100% (2/2)"/>
						<line number="641" hits="1"/>
						<line number="644" hits="1" branch="true" condition-coverage="100% (2/2)"/>
						<line number="645" hits="1"/>
						<line number="649" hits="1"/>
						<line number="654" hits="1"/>
						<line number="659" hits="1" branch="true" condition-coverage="100% (2/2)"/>
						<line number="660" hits="1"/>
						<line number="661" hits="1"/>
						<line number="662" hits="1" branch="true" condition-coverage="100% (2/2)"/>
						<line number="663" hits="1"/>
						<line number="665" hits="1"/>
						<line number="675" hits="1"/>
						<line number="708" hits="1"/>
						<line number="710" hits="1"/>
						<line number="714" hits="1"/>
						<line number="716" hits="1" branch="true" condition-coverage="50% (1/2)" missing-branches="717"/>
						<line number="717" hits="0"/>
						<line number="719" hits="1"/>
						<line number="721" hits="1"/>
						<line number="723" hits="1"/>
						<line number="727" hits="1"/>
						<line number="757" hits="1"/>
						<line number="759" hits="1"/>
						<line number="760" hits="1" branch="true" condition-coverage="50% (1/2)" missing-branches="exit"/>
						<line number="764" hits="1"/>
						<line number="765" hits="1" branch="true" condition-coverage="50% (1/2)" missing-branches="exit"/>
						<line number="767" hits="1"/>
						<line number="784" hits="1" branch="true" condition-coverage="100% (2/2)"/>
						<line number="785" hits="1"/>
						<line number="786" hits="1" branch="true" condition-coverage="50% (1/2)" missing-branches="789"/>
						<line number="787" hits="1"/>
						<line number="789" hits="1" branch="true" condition-coverage="100% (2/2)"/>
						<line number="790" hits="1"/>
						<line number="795" hits="1"/>
						<line number="797" hits="1"/>
						<line number="808" hits="1"/>
						<line number="810" hits="1"/>
						<line number="854" hits="1"/>
						<line number="861" hits="1"/>
						<line number="875" hits="1"/>
						<line number="881" hits="1"/>
						<line number="908" hits="1"/>
						<line number="909" hits="1" branch="true" condition-coverage="100% (2/2)"/>
						<line number="910" hits="1" branch="true" condition-coverage="100% (2/2)"/>
						<line number="911" hits="1"/>
						<line number="913" hits="1" branch="true" condition-coverage="100% (2/2)"/>
						<line number="914" hits="1" branch="true" condition-coverage="50% (1/2)" missing-branches="913"/>
						<line number="915" hits="1"/>
						<line number="916" hits="1"/>
						<line number="918" hits="1"/>
						<line number="922" hits="1"/>
						<line number="923" hits="1" branch="true" condition-coverage="100% (2/2)"/>
						<line number="924" hits="1"/>
						<line number="925" hits="1" branch="true" condition-coverage="100% (2/2)"/>
						<line number="926" hits="1"/>
						<line number="928" hits="1"/>
						<line number="931" hits="1"/>
						<line number="933" hits="1"/>
						<line number="934" hits="1"/>
						<line number="936" hits="1"/>
						<line number="937" hits="1"/>
						<line number="941" hits="1"/>
						<line number="942" hits="1"/>
						<line number="946" hits="1"/>
						<line number="950" hits="1"/>
						<line number="952" hits="1" branch="true" condition-coverage="100% (2/2)"/>
						<line number="953" hits="1"/>
						<line number="954" hits="1" branch="true" condition-coverage="100% (2/2)"/>
						<line number="955" hits="1"/>
						<line number="956" hits="1"/>
						<line number="957" hits="1"/>
						<line number="959" hits="1"/>
						<line number="961" hits="1"/>
						<line number="967" hits="1"/>
						<line number="968" hits="1"/>
						<line number="972" hits="0"/>
						<line number="976" hits="1"/>
						<line number="977" hits="1"/>
						<line number="981" hits="1"/>
						<line number="987" hits="1"/>
						<line number="988" hits="1"/>
						<line number="990" hits="1"/>
						<line number="991" hits="1"/>
						<line number="993" hits="1"/>
						<line number="994" hits="1"/>
						<line number="999" hits="1"/>
						<line number="1001" hits="1"/>
						<line number="1025" hits="1" branch="true" condition-coverage="100% (2/2)"/>
						<line number="1029" hits="1"/>
						<line number="1034" hits="1" branch="true" condition-coverage="50% (1/2)" missing-branches="1035"/>
						<line number="1035" hits="0"/>
						<line number="1037" hits="1"/>
						<line number="1039" hits="1"/>
						<line number="1044" hits="1"/>
						<line number="1054" hits="1" branch="true" condition-coverage="100% (2/2)"/>
						<line number="1061" hits="1"/>
						<line number="1065" hits="1"/>
						<line number="1070" hits="1"/>
						<line number="1071" hits="1"/>
						<line number="1108" hits="1" branch="true" condition-coverage="50% (1/2)" missing-branches="1110"/>
						<line number="1109" hits="1"/>
						<line number="1110" hits="1"/>
						<line number="1114" hits="1"/>
						<line number="1120" hits="1"/>
						<line number="1121" hits="1"/>
						<line number="1144" hits="1" branch="true" condition-coverage="100% (2/2)"/>
						<line number="1145" hits="1"/>
						<line number="1146" hits="1"/>
						<line number="1150" hits="1"/>
						<line number="1156" hits="1"/>
						<line number="1157" hits="1"/>
						<line number="1169" hits="1"/>
						<line number="1171" hits="1"/>
						<line number="1173" hits="1" branch="true" condition-coverage="50% (1/2)" missing-branches="1174"/>
						<line number="1174" hits="0"/>
						<line number="1176" hits="1"/>
						<line number="1177" hits="1"/>
						<line number="1181" hits="1"/>
						<line number="1182" hits="1"/>
						<line number="1185" hits="1"/>
						<line number="1187" hits="1"/>
						<line number="1188" hits="1"/>
						<line number="1201" hits="1"/>
						<line number="1202" hits="1" branch="true" condition-coverage="100% (2/2)"/>
						<line number="1203" hits="1"/>
						<line number="1204" hits="1"/>
						<line number="1206" hits="1"/>
						<line number="1207" hits="1"/>
						<line number="1222" hits="1"/>
						<line number="1224" hits="1"/>
						<line number="1225" hits="1"/>
						<line number="1233" hits="1"/>
						<line number="1242" hits="1"/>
						<line number="1243" hits="1"/>
						<line number="1266" hits="1"/>
						<line number="1267" hits="1"/>
						<line number="1271" hits="1"/>
						<line number="1272" hits="1"/>
						<line number="1285" hits="1"/>
						<line number="1287" hits="1"/>
						<line number="1288" hits="1"/>
						<line number="1302" hits="1"/>
						<line number="1309" hits="1"/>
						<line number="1310" hits="1"/>
						<line number="1319" hits="1"/>
						<line number="1321" hits="1"/>
						<line number="1322" hits="1"/>
						<line number="1360" hits="1"/>
						<line number="1362" hits="1"/>
						<line number="1363" hits="1"/>
						<line number="1409" hits="1"/>
						<line number="1411" hits="1"/>
						<line number="1412" hits="1"/>
						<line number="1421" hits="1"/>
						<line number="1423" hits="1"/>
						<line number="1424" hits="1"/>
						<line number="1433" hits="1"/>
						<line number="1435" hits="1"/>
						<line number="1436" hits="1"/>
						<line number="1478" hits="1" branch="true" condition-coverage="100% (2/2)"/>
						<line number="1479" hits="1"/>
						<line number="1480" hits="1"/>
						<line number="1482" hits="1" branch="true" condition-coverage="100% (2/2)"/>
						<line number="1483" hits="1"/>
						<line number="1485" hits="1"/>
						<line number="1487" hits="1"/>
						<line number="1488" hits="1"/>
						<line number="1497" hits="1"/>
						<line number="1499" hits="1"/>
						<line number="1500" hits="1"/>
						<line number="1515" hits="1"/>
						<line number="1522" hits="1"/>
						<line number="1523" hits="1"/>
						<line number="1537" hits="1"/>
						<line number="1541" hits="1"/>
						<line number="1542" hits="1"/>
						<line number="1546" hits="1"/>
						<line number="1550" hits="1"/>
						<line number="1551" hits="1"/>
						<line number="1569" hits="1"/>
						<line number="1574" hits="1" branch="true" condition-coverage="50% (1/2)" missing-branches="1577"/>
						<line number="1575" hits="1"/>
						<line number="1577" hits="1"/>
						<line number="1578" hits="1"/>
						<line number="1579" hits="1"/>
						<line number="1580" hits="1" branch="true" condition-coverage="100% (2/2)"/>
						<line number="1581" hits="1"/>
						<line number="1585" hits="1"/>
						<line number="1591" hits="1"/>
						<line number="1593" hits="1"/>
						<line number="1594" hits="1" branch="true" condition-coverage="100% (2/2)"/>
						<line number="1595" hits="1" branch="true" condition-coverage="50% (1/2)" missing-branches="1596"/>
						<line number="1596" hits="0"/>
						<line number="1598" hits="1" branch="true" condition-coverage="100% (2/2)"/>
						<line number="1600" hits="1" branch="true" condition-coverage="100% (2/2)"/>
						<line number="1601" hits="1"/>
						<line number="1605" hits="1" branch="true" condition-coverage="100% (2/2)"/>
						<line number="1606" hits="1"/>
						<line number="1608" hits="1"/>
						<line number="1610" hits="1"/>
						<line number="1611" hits="1"/>
						<line number="1615" hits="1"/>
						<line number="1618" hits="1"/>
						<line number="1626" hits="1" branch="true" condition-coverage="100% (2/2)"/>
						<line number="1627" hits="1"/>
						<line number="1630" hits="1"/>
						<line number="1634" hits="1"/>
						<line number="1637" hits="1"/>
						<line number="1638" hits="1"/>
						<line number="1640" hits="1"/>
						<line number="1642" hits="1"/>
						<line number="1648" hits="1"/>
						<line number="1649" hits="1" branch="true" condition-coverage="50% (1/2)" missing-branches="1650"/>
						<line number="1650" hits="0"/>
						<line number="1651" hits="1"/>
						<line number="1652" hits="1"/>
						<line number="1655" hits="1"/>
						<line number="1676" hits="1"/>
						<line number="1691" hits="1"/>
						<line number="1705" hits="1" branch="true" condition-coverage="50% (1/2)" missing-branches="1708"/>
						<line number="1706" hits="1"/>
						<line number="1708" hits="0"/>
						<line number="1710" hits="1"/>
						<line number="1712" hits="1"/>
						<line number="1713" hits="1"/>
						<line number="1719" hits="1"/>
						<line number="1722" hits="1"/>
						<line number="1728" hits="1"/>
						<line number="1731" hits="1"/>
						<line number="1740" hits="1"/>
						<line number="1747" hits="1"/>
						<line number="1750" hits="1"/>
						<line number="1759" hits="1" branch="true" condition-coverage="50% (1/2)" missing-branches="1762"/>
						<line number="1760" hits="1"/>
						<line number="1762" hits="0"/>
						<line number="1764" hits="1" branch="true" condition-coverage="50% (1/2)" missing-branches="1773"/>
						<line number="1767" hits="1"/>
						<line number="1768" hits="1"/>
						<line number="1773" hits="0"/>
						<line number="1778" hits="1"/>
						<line number="1779" hits="1"/>
						<line number="1780" hits="1"/>
						<line number="1783" hits="1"/>
						<line number="1787" hits="1"/>
						<line number="1790" hits="1"/>
						<line number="1799" hits="1"/>
						<line number="1806" hits="1"/>
						<line number="1812" hits="1"/>
						<line number="1819" hits="1"/>
						<line number="1824" hits="1"/>
						<line number="1826" hits="1"/>
						<line number="1827" hits="1"/>
						<line number="1829" hits="1"/>
						<line number="1830" hits="1" branch="true" condition-coverage="100% (2/2)"/>
						<line number="1831" hits="1"/>
						<line number="1832" hits="1" branch="true" condition-coverage="100% (2/2)"/>
						<line number="1833" hits="1"/>
						<line number="1835" hits="1"/>
						<line number="1838" hits="1"/>
						<line number="1855" hits="1"/>
						<line number="1857" hits="1" branch="true" condition-coverage="50% (1/2)" missing-branches="1858"/>
						<line number="1858" hits="0"/>
						<line number="1860" hits="1" branch="true" condition-coverage="100% (2/2)"/>
						<line number="1861" hits="1"/>
						<line number="1862" hits="1" branch="true" condition-coverage="100% (2/2)"/>
						<line number="1863" hits="1"/>
						<line number="1865" hits="1" branch="true" condition-coverage="100% (2/2)"/>
						<line number="1867" hits="1"/>
						<line number="1869" hits="1"/>
						<line number="1873" hits="1" branch="true" condition-coverage="100% (2/2)"/>
						<line number="1874" hits="1"/>
						<line number="1881" hits="1"/>
						<line number="1883" hits="1"/>
					</lines>
				</class>
				<class name="table_reflection.py" filename="piccolo/table_reflection.py" complexity="0" line-rate="0.4382" branch-rate="0">
					<methods/>
					<lines>
						<line number="6" hits="1"/>
						<line number="7" hits="1"/>
						<line number="8" hits="1"/>
						<line number="10" hits="1"/>
						<line number="11" hits="1"/>
						<line number="12" hits="1"/>
						<line number="13" hits="1"/>
						<line number="16" hits="1"/>
						<line number="17" hits="1"/>
						<line number="18" hits="0"/>
						<line number="20" hits="1"/>
						<line number="23" hits="1"/>
						<line number="26" hits="1"/>
						<line number="28" hits="1"/>
						<line number="29" hits="0"/>
						<line number="31" hits="1"/>
						<line number="37" hits="1"/>
						<line number="38" hits="0"/>
						<line number="40" hits="1"/>
						<line number="44" hits="0"/>
						<line number="46" hits="1"/>
						<line number="50" hits="0"/>
						<line number="52" hits="1"/>
						<line number="53" hits="0"/>
						<line number="56" hits="1"/>
						<line number="61" hits="1"/>
						<line number="63" hits="1"/>
						<line number="64" hits="0" branch="true" condition-coverage="0% (0/2)" missing-branches="65,68"/>
						<line number="65" hits="0"/>
						<line number="68" hits="0"/>
						<line number="71" hits="1"/>
						<line number="72" hits="1"/>
						<line number="73" hits="1"/>
						<line number="74" hits="1"/>
						<line number="77" hits="1"/>
						<line number="83" hits="1"/>
						<line number="90" hits="0"/>
						<line number="91" hits="0"/>
						<line number="92" hits="0"/>
						<line number="94" hits="1"/>
						<line number="128" hits="0"/>
						<line number="129" hits="0"/>
						<line number="131" hits="0" branch="true" condition-coverage="0% (0/2)" missing-branches="132,134"/>
						<line number="132" hits="0"/>
						<line number="134" hits="0"/>
						<line number="140" hits="0"/>
						<line number="144" hits="0"/>
						<line number="146" hits="1"/>
						<line number="154" hits="0"/>
						<line number="155" hits="0"/>
						<line number="157" hits="1"/>
						<line number="170" hits="0"/>
						<line number="171" hits="0" branch="true" condition-coverage="0% (0/2)" missing-branches="172,178"/>
						<line number="172" hits="0"/>
						<line number="173" hits="0"/>
						<line number="177" hits="0"/>
						<line number="178" hits="0"/>
						<line number="180" hits="1"/>
						<line number="181" hits="0" branch="true" condition-coverage="0% (0/2)" missing-branches="exit,182"/>
						<line number="182" hits="0"/>
						<line number="185" hits="0"/>
						<line number="186" hits="0"/>
						<line number="190" hits="1"/>
						<line number="196" hits="0"/>
						<line number="197" hits="0" branch="true" condition-coverage="0% (0/2)" missing-branches="198,200"/>
						<line number="198" hits="0"/>
						<line number="200" hits="0"/>
						<line number="202" hits="1"/>
						<line number="203" hits="1"/>
						<line number="204" hits="0"/>
						<line number="206" hits="1"/>
						<line number="207" hits="0"/>
						<line number="209" hits="1"/>
						<line number="210" hits="1"/>
						<line number="220" hits="0"/>
						<line number="221" hits="0" branch="true" condition-coverage="0% (0/2)" missing-branches="222,226"/>
						<line number="222" hits="0"/>
						<line number="226" hits="0" branch="true" condition-coverage="0% (0/2)" missing-branches="227,229"/>
						<line number="227" hits="0"/>
						<line number="229" hits="0"/>
						<line number="231" hits="1"/>
						<line number="232" hits="1"/>
						<line number="233" hits="0" branch="true" condition-coverage="0% (0/2)" missing-branches="234,235"/>
						<line number="234" hits="0"/>
						<line number="235" hits="0" branch="true" condition-coverage="0% (0/2)" missing-branches="236,237"/>
						<line number="236" hits="0"/>
						<line number="237" hits="0" branch="true" condition-coverage="0% (0/2)" missing-branches="238,239"/>
						<line number="238" hits="0"/>
						<line number="239" hits="0"/>
					</lines>
				</class>
			</classes>
		</package>
		<package name="piccolo.apps" line-rate="1" branch-rate="1" complexity="0">
			<classes>
				<class name="__init__.py" filename="piccolo/apps/__init__.py" complexity="0" line-rate="1" branch-rate="1">
					<methods/>
					<lines/>
				</class>
			</classes>
		</package>
		<package name="piccolo.apps.app" line-rate="1" branch-rate="1" complexity="0">
			<classes>
				<class name="__init__.py" filename="piccolo/apps/app/__init__.py" complexity="0" line-rate="1" branch-rate="1">
					<methods/>
					<lines/>
				</class>
			</classes>
		</package>
		<package name="piccolo.apps.app.commands" line-rate="0.9153" branch-rate="0.8571" complexity="0">
			<classes>
				<class name="__init__.py" filename="piccolo/apps/app/commands/__init__.py" complexity="0" line-rate="1" branch-rate="1">
					<methods/>
					<lines/>
				</class>
				<class name="new.py" filename="piccolo/apps/app/commands/new.py" complexity="0" line-rate="0.9057" branch-rate="0.8333">
					<methods/>
					<lines>
						<line number="1" hits="1"/>
						<line number="3" hits="1"/>
						<line number="4" hits="1"/>
						<line number="5" hits="1"/>
						<line number="6" hits="1"/>
						<line number="7" hits="1"/>
						<line number="8" hits="1"/>
						<line number="10" hits="1"/>
						<line number="11" hits="1"/>
						<line number="13" hits="1"/>
						<line number="15" hits="1"/>
						<line number="19" hits="1"/>
						<line number="24" hits="1"/>
						<line number="29" hits="1"/>
						<line number="30" hits="1"/>
						<line number="31" hits="1"/>
						<line number="32" hits="1"/>
						<line number="34" hits="1"/>
						<line number="37" hits="1"/>
						<line number="40" hits="1"/>
						<line number="48" hits="1" branch="true" condition-coverage="100% (2/2)"/>
						<line number="49" hits="1" branch="true" condition-coverage="100% (2/2)"/>
						<line number="50" hits="1"/>
						<line number="56" hits="1"/>
						<line number="57" hits="1"/>
						<line number="60" hits="1"/>
						<line number="61" hits="1"/>
						<line number="63" hits="1"/>
						<line number="64" hits="1"/>
						<line number="65" hits="0"/>
						<line number="66" hits="0"/>
						<line number="68" hits="1" branch="true" condition-coverage="100% (2/2)"/>
						<line number="69" hits="1"/>
						<line number="74" hits="1"/>
						<line number="76" hits="1" branch="true" condition-coverage="50% (1/2)" missing-branches="77"/>
						<line number="77" hits="0"/>
						<line number="79" hits="1"/>
						<line number="81" hits="1"/>
						<line number="84" hits="1"/>
						<line number="89" hits="1" branch="true" condition-coverage="100% (2/2)"/>
						<line number="90" hits="1"/>
						<line number="91" hits="1"/>
						<line number="92" hits="1"/>
						<line number="93" hits="1"/>
						<line number="96" hits="1"/>
						<line number="98" hits="1"/>
						<line number="99" hits="1"/>
						<line number="101" hits="1"/>
						<line number="104" hits="1" branch="true" condition-coverage="50% (1/2)" missing-branches="105"/>
						<line number="105" hits="0"/>
						<line number="106" hits="0"/>
						<line number="109" hits="1"/>
						<line number="122" hits="1"/>
					</lines>
				</class>
				<class name="show_all.py" filename="piccolo/apps/app/commands/show_all.py" complexity="0" line-rate="1" branch-rate="1">
					<methods/>
					<lines>
						<line number="1" hits="1"/>
						<line number="4" hits="1"/>
						<line number="8" hits="1"/>
						<line number="10" hits="1"/>
						<line number="12" hits="1" branch="true" condition-coverage="100% (2/2)"/>
						<line number="13" hits="1"/>
					</lines>
				</class>
			</classes>
		</package>
		<package name="piccolo.apps.asgi" line-rate="1" branch-rate="1" complexity="0">
			<classes>
				<class name="__init__.py" filename="piccolo/apps/asgi/__init__.py" complexity="0" line-rate="1" branch-rate="1">
					<methods/>
					<lines/>
				</class>
			</classes>
		</package>
		<package name="piccolo.apps.asgi.commands" line-rate="0.7463" branch-rate="0.75" complexity="0">
			<classes>
				<class name="__init__.py" filename="piccolo/apps/asgi/commands/__init__.py" complexity="0" line-rate="1" branch-rate="1">
					<methods/>
					<lines/>
				</class>
				<class name="new.py" filename="piccolo/apps/asgi/commands/new.py" complexity="0" line-rate="0.7463" branch-rate="0.75">
					<methods/>
					<lines>
						<line number="1" hits="1"/>
						<line number="3" hits="1"/>
						<line number="4" hits="1"/>
						<line number="6" hits="1"/>
						<line number="7" hits="1"/>
						<line number="8" hits="1"/>
						<line number="10" hits="1"/>
						<line number="11" hits="1"/>
						<line number="12" hits="1"/>
						<line number="23" hits="1"/>
						<line number="26" hits="1"/>
						<line number="27" hits="0"/>
						<line number="30" hits="1"/>
						<line number="31" hits="0"/>
						<line number="34" hits="1"/>
						<line number="35" hits="0"/>
						<line number="36" hits="0"/>
						<line number="37" hits="0"/>
						<line number="40" hits="1"/>
						<line number="41" hits="0"/>
						<line number="42" hits="0"/>
						<line number="43" hits="0"/>
						<line number="46" hits="1"/>
						<line number="47" hits="1" branch="true" condition-coverage="100% (2/2)"/>
						<line number="48" hits="1" branch="true" condition-coverage="50% (1/2)" missing-branches="49"/>
						<line number="49" hits="0"/>
						<line number="50" hits="1"/>
						<line number="51" hits="1" branch="true" condition-coverage="50% (1/2)" missing-branches="47"/>
						<line number="52" hits="1"/>
						<line number="55" hits="1"/>
						<line number="61" hits="1" branch="true" condition-coverage="100% (2/2)"/>
						<line number="62" hits="1"/>
						<line number="63" hits="1"/>
						<line number="64" hits="1" branch="true" condition-coverage="50% (1/2)" missing-branches="65"/>
						<line number="65" hits="0"/>
						<line number="66" hits="1" branch="true" condition-coverage="100% (2/2)"/>
						<line number="67" hits="1"/>
						<line number="68" hits="1"/>
						<line number="71" hits="1"/>
						<line number="72" hits="1" branch="true" condition-coverage="100% (2/2)"/>
						<line number="73" hits="1"/>
						<line number="74" hits="1"/>
						<line number="78" hits="0"/>
						<line number="79" hits="0"/>
						<line number="80" hits="0"/>
						<line number="81" hits="1"/>
						<line number="84" hits="1"/>
						<line number="86" hits="1" branch="true" condition-coverage="100% (2/2)"/>
						<line number="87" hits="1"/>
						<line number="91" hits="1"/>
						<line number="92" hits="1"/>
						<line number="98" hits="1"/>
						<line number="110" hits="1"/>
						<line number="112" hits="1"/>
						<line number="114" hits="1"/>
						<line number="121" hits="1" branch="true" condition-coverage="100% (2/2)"/>
						<line number="122" hits="1"/>
						<line number="124" hits="1"/>
						<line number="126" hits="1" branch="true" condition-coverage="50% (1/2)" missing-branches="127"/>
						<line number="127" hits="0"/>
						<line number="128" hits="0" branch="true" condition-coverage="0% (0/2)" missing-branches="129,130"/>
						<line number="129" hits="0"/>
						<line number="130" hits="0"/>
						<line number="132" hits="1"/>
						<line number="134" hits="1" branch="true" condition-coverage="100% (2/2)"/>
						<line number="135" hits="1"/>
						<line number="137" hits="1"/>
					</lines>
				</class>
			</classes>
		</package>
		<package name="piccolo.apps.fixtures" line-rate="1" branch-rate="1" complexity="0">
			<classes>
				<class name="__init__.py" filename="piccolo/apps/fixtures/__init__.py" complexity="0" line-rate="1" branch-rate="1">
					<methods/>
					<lines/>
				</class>
			</classes>
		</package>
		<package name="piccolo.apps.fixtures.commands" line-rate="0.7768" branch-rate="0.625" complexity="0">
			<classes>
				<class name="__init__.py" filename="piccolo/apps/fixtures/commands/__init__.py" complexity="0" line-rate="1" branch-rate="1">
					<methods/>
					<lines/>
				</class>
				<class name="dump.py" filename="piccolo/apps/fixtures/commands/dump.py" complexity="0" line-rate="0.5111" branch-rate="0.2857">
					<methods/>
					<lines>
						<line number="1" hits="1"/>
						<line number="3" hits="1"/>
						<line number="5" hits="1"/>
						<line number="9" hits="1"/>
						<line number="10" hits="1"/>
						<line number="13" hits="1"/>
						<line number="33" hits="1"/>
						<line number="35" hits="1"/>
						<line number="37" hits="1" branch="true" condition-coverage="100% (2/2)"/>
						<line number="38" hits="1"/>
						<line number="39" hits="1"/>
						<line number="44" hits="1"/>
						<line number="46" hits="1"/>
						<line number="48" hits="1" branch="true" condition-coverage="100% (2/2)"/>
						<line number="49" hits="1"/>
						<line number="52" hits="1"/>
						<line number="54" hits="1"/>
						<line number="57" hits="1"/>
						<line number="63" hits="1"/>
						<line number="64" hits="1"/>
						<line number="67" hits="1"/>
						<line number="70" hits="1"/>
						<line number="74" hits="0"/>
						<line number="75" hits="0"/>
						<line number="77" hits="0" branch="true" condition-coverage="0% (0/2)" missing-branches="78,79"/>
						<line number="78" hits="0"/>
						<line number="79" hits="0" branch="true" condition-coverage="0% (0/2)" missing-branches="80,83"/>
						<line number="80" hits="0"/>
						<line number="83" hits="0"/>
						<line number="85" hits="0"/>
						<line number="87" hits="0" branch="true" condition-coverage="0% (0/2)" missing-branches="88,89"/>
						<line number="88" hits="0"/>
						<line number="89" hits="0"/>
						<line number="91" hits="0" branch="true" condition-coverage="0% (0/2)" missing-branches="92,110"/>
						<line number="92" hits="0"/>
						<line number="93" hits="0"/>
						<line number="95" hits="0" branch="true" condition-coverage="0% (0/2)" missing-branches="96,98"/>
						<line number="96" hits="0"/>
						<line number="98" hits="0"/>
						<line number="103" hits="0"/>
						<line number="110" hits="0"/>
						<line number="113" hits="1"/>
						<line number="128" hits="0"/>
						<line number="129" hits="0"/>
						<line number="130" hits="0"/>
					</lines>
				</class>
				<class name="load.py" filename="piccolo/apps/fixtures/commands/load.py" complexity="0" line-rate="0.9348" branch-rate="0.8571">
					<methods/>
					<lines>
						<line number="1" hits="1"/>
						<line number="3" hits="1"/>
						<line number="4" hits="1"/>
						<line number="6" hits="1"/>
						<line number="8" hits="1"/>
						<line number="12" hits="1"/>
						<line number="13" hits="1"/>
						<line number="14" hits="1"/>
						<line number="15" hits="1"/>
						<line number="16" hits="1"/>
						<line number="17" hits="1"/>
						<line number="20" hits="1"/>
						<line number="32" hits="1"/>
						<line number="34" hits="1"/>
						<line number="36" hits="1"/>
						<line number="43" hits="1"/>
						<line number="47" hits="1"/>
						<line number="51" hits="1"/>
						<line number="52" hits="1"/>
						<line number="54" hits="1" branch="true" condition-coverage="50% (1/2)" missing-branches="55"/>
						<line number="55" hits="0"/>
						<line number="58" hits="1"/>
						<line number="60" hits="1" branch="true" condition-coverage="100% (2/2)"/>
						<line number="61" hits="1"/>
						<line number="63" hits="1" branch="true" condition-coverage="100% (2/2)"/>
						<line number="67" hits="1"/>
						<line number="70" hits="1"/>
						<line number="77" hits="1"/>
						<line number="79" hits="1"/>
						<line number="80" hits="1" branch="true" condition-coverage="100% (2/2)"/>
						<line number="81" hits="1"/>
						<line number="83" hits="1" branch="true" condition-coverage="100% (2/2)"/>
						<line number="84" hits="1"/>
						<line number="85" hits="1" branch="true" condition-coverage="100% (2/2)"/>
						<line number="86" hits="1"/>
						<line number="91" hits="1"/>
						<line number="94" hits="1"/>
						<line number="118" hits="1"/>
						<line number="119" hits="1"/>
						<line number="121" hits="1"/>
						<line number="123" hits="1" branch="true" condition-coverage="50% (1/2)" missing-branches="132"/>
						<line number="124" hits="1"/>
						<line number="125" hits="1"/>
						<line number="126" hits="0"/>
						<line number="127" hits="0"/>
						<line number="132" hits="1"/>
					</lines>
				</class>
				<class name="shared.py" filename="piccolo/apps/fixtures/commands/shared.py" complexity="0" line-rate="1" branch-rate="1">
					<methods/>
					<lines>
						<line number="1" hits="1"/>
						<line number="3" hits="1"/>
						<line number="4" hits="1"/>
						<line number="6" hits="1"/>
						<line number="8" hits="1"/>
						<line number="9" hits="1"/>
						<line number="15" hits="1"/>
						<line number="16" hits="1"/>
						<line number="17" hits="1"/>
						<line number="18" hits="1"/>
						<line number="21" hits="1"/>
						<line number="25" hits="1"/>
						<line number="27" hits="1"/>
						<line number="29" hits="1" branch="true" condition-coverage="100% (2/2)"/>
						<line number="31" hits="1"/>
						<line number="33" hits="1" branch="true" condition-coverage="100% (2/2)"/>
						<line number="34" hits="1"/>
						<line number="38" hits="1"/>
						<line number="47" hits="1"/>
						<line number="51" hits="1"/>
						<line number="53" hits="1"/>
					</lines>
				</class>
			</classes>
		</package>
		<package name="piccolo.apps.meta" line-rate="1" branch-rate="1" complexity="0">
			<classes>
				<class name="__init__.py" filename="piccolo/apps/meta/__init__.py" complexity="0" line-rate="1" branch-rate="1">
					<methods/>
					<lines/>
				</class>
			</classes>
		</package>
		<package name="piccolo.apps.meta.commands" line-rate="1" branch-rate="1" complexity="0">
			<classes>
				<class name="__init__.py" filename="piccolo/apps/meta/commands/__init__.py" complexity="0" line-rate="1" branch-rate="1">
					<methods/>
					<lines/>
				</class>
				<class name="version.py" filename="piccolo/apps/meta/commands/version.py" complexity="0" line-rate="1" branch-rate="1">
					<methods/>
					<lines>
						<line number="1" hits="1"/>
						<line number="4" hits="1"/>
						<line number="8" hits="1"/>
					</lines>
				</class>
			</classes>
		</package>
		<package name="piccolo.apps.migrations" line-rate="0.7333" branch-rate="0" complexity="0">
			<classes>
				<class name="__init__.py" filename="piccolo/apps/migrations/__init__.py" complexity="0" line-rate="1" branch-rate="1">
					<methods/>
					<lines/>
				</class>
				<class name="tables.py" filename="piccolo/apps/migrations/tables.py" complexity="0" line-rate="0.7333" branch-rate="0">
					<methods/>
					<lines>
						<line number="1" hits="1"/>
						<line number="3" hits="1"/>
						<line number="5" hits="1"/>
						<line number="6" hits="1"/>
						<line number="7" hits="1"/>
						<line number="10" hits="1"/>
						<line number="11" hits="1"/>
						<line number="12" hits="1"/>
						<line number="13" hits="1"/>
						<line number="15" hits="1"/>
						<line number="16" hits="1"/>
						<line number="23" hits="0"/>
						<line number="24" hits="0" branch="true" condition-coverage="0% (0/2)" missing-branches="25,26"/>
						<line number="25" hits="0"/>
						<line number="26" hits="0"/>
					</lines>
				</class>
			</classes>
		</package>
		<package name="piccolo.apps.migrations.auto" line-rate="0.7698" branch-rate="0.5598" complexity="0">
			<classes>
				<class name="__init__.py" filename="piccolo/apps/migrations/auto/__init__.py" complexity="0" line-rate="1" branch-rate="1">
					<methods/>
					<lines>
						<line number="1" hits="1"/>
						<line number="2" hits="1"/>
						<line number="3" hits="1"/>
						<line number="4" hits="1"/>
						<line number="6" hits="1"/>
					</lines>
				</class>
				<class name="diffable_table.py" filename="piccolo/apps/migrations/auto/diffable_table.py" complexity="0" line-rate="0.8939" branch-rate="0.7778">
					<methods/>
					<lines>
						<line number="1" hits="1"/>
						<line number="3" hits="1"/>
						<line number="4" hits="1"/>
						<line number="6" hits="1"/>
						<line number="13" hits="1"/>
						<line number="17" hits="1"/>
						<line number="18" hits="1"/>
						<line number="21" hits="1"/>
						<line number="41" hits="1"/>
						<line number="43" hits="1" branch="true" condition-coverage="100% (2/2)"/>
						<line number="44" hits="1"/>
						<line number="46" hits="1" branch="true" condition-coverage="100% (2/2)"/>
						<line number="57" hits="1"/>
						<line number="59" hits="1"/>
						<line number="62" hits="1"/>
						<line number="63" hits="1"/>
						<line number="64" hits="1"/>
						<line number="65" hits="1"/>
						<line number="66" hits="1"/>
						<line number="68" hits="1"/>
						<line number="72" hits="0"/>
						<line number="75" hits="1"/>
						<line number="76" hits="1"/>
						<line number="83" hits="1"/>
						<line number="85" hits="1"/>
						<line number="86" hits="1"/>
						<line number="88" hits="1"/>
						<line number="89" hits="1" branch="true" condition-coverage="50% (1/2)" missing-branches="94"/>
						<line number="90" hits="1"/>
						<line number="94" hits="0"/>
						<line number="97" hits="1"/>
						<line number="98" hits="1"/>
						<line number="104" hits="1"/>
						<line number="105" hits="1"/>
						<line number="106" hits="1"/>
						<line number="107" hits="1"/>
						<line number="108" hits="1"/>
						<line number="110" hits="1"/>
						<line number="111" hits="1"/>
						<line number="115" hits="1"/>
						<line number="116" hits="1" branch="true" condition-coverage="50% (1/2)" missing-branches="117"/>
						<line number="117" hits="0"/>
						<line number="121" hits="1" branch="true" condition-coverage="50% (1/2)" missing-branches="122"/>
						<line number="122" hits="0"/>
						<line number="132" hits="1"/>
						<line number="151" hits="1"/>
						<line number="168" hits="1"/>
						<line number="170" hits="1" branch="true" condition-coverage="100% (2/2)"/>
						<line number="171" hits="1"/>
						<line number="172" hits="1" branch="true" condition-coverage="100% (2/2)"/>
						<line number="174" hits="1"/>
						<line number="176" hits="1"/>
						<line number="181" hits="1"/>
						<line number="186" hits="1" branch="true" condition-coverage="100% (2/2)"/>
						<line number="187" hits="1"/>
						<line number="205" hits="1"/>
						<line number="211" hits="1"/>
						<line number="215" hits="1"/>
						<line number="217" hits="1"/>
						<line number="221" hits="1" branch="true" condition-coverage="50% (1/2)" missing-branches="222"/>
						<line number="222" hits="0"/>
						<line number="223" hits="1"/>
						<line number="227" hits="1"/>
						<line number="228" hits="0"/>
						<line number="230" hits="1"/>
						<line number="234" hits="0"/>
					</lines>
				</class>
				<class name="migration_manager.py" filename="piccolo/apps/migrations/auto/migration_manager.py" complexity="0" line-rate="0.526" branch-rate="0.2246">
					<methods/>
					<lines>
						<line number="1" hits="1"/>
						<line number="3" hits="1"/>
						<line number="4" hits="1"/>
						<line number="5" hits="1"/>
						<line number="6" hits="1"/>
						<line number="7" hits="1"/>
						<line number="9" hits="1"/>
						<line number="10" hits="1"/>
						<line number="19" hits="1"/>
						<line number="20" hits="1"/>
						<line number="21" hits="1"/>
						<line number="22" hits="1"/>
						<line number="23" hits="1"/>
						<line number="24" hits="1"/>
						<line number="25" hits="1"/>
						<line number="26" hits="1"/>
						<line number="27" hits="1"/>
						<line number="28" hits="1"/>
						<line number="29" hits="1"/>
						<line number="31" hits="1"/>
						<line number="34" hits="1"/>
						<line number="35" hits="1"/>
						<line number="36" hits="1"/>
						<line number="37" hits="1"/>
						<line number="38" hits="1"/>
						<line number="39" hits="1"/>
						<line number="42" hits="1"/>
						<line number="43" hits="1"/>
						<line number="44" hits="1"/>
						<line number="46" hits="1"/>
						<line number="47" hits="1"/>
						<line number="49" hits="1"/>
						<line number="52" hits="0"/>
						<line number="58" hits="1"/>
						<line number="61" hits="1"/>
						<line number="67" hits="1"/>
						<line number="68" hits="1"/>
						<line number="69" hits="1"/>
						<line number="72" hits="1"/>
						<line number="73" hits="1"/>
						<line number="74" hits="1"/>
						<line number="76" hits="1"/>
						<line number="77" hits="1"/>
						<line number="79" hits="1"/>
						<line number="80" hits="1"/>
						<line number="86" hits="1"/>
						<line number="87" hits="1"/>
						<line number="88" hits="1"/>
						<line number="91" hits="1"/>
						<line number="92" hits="1"/>
						<line number="93" hits="1"/>
						<line number="95" hits="1"/>
						<line number="96" hits="1"/>
						<line number="98" hits="1"/>
						<line number="101" hits="1"/>
						<line number="107" hits="1"/>
						<line number="108" hits="1"/>
						<line number="109" hits="1"/>
						<line number="112" hits="1"/>
						<line number="113" hits="1"/>
						<line number="114" hits="1"/>
						<line number="116" hits="1"/>
						<line number="117" hits="1"/>
						<line number="119" hits="1"/>
						<line number="120" hits="1"/>
						<line number="126" hits="1"/>
						<line number="127" hits="1"/>
						<line number="128" hits="1"/>
						<line number="131" hits="1"/>
						<line number="134" hits="1"/>
						<line number="135" hits="1"/>
						<line number="136" hits="1"/>
						<line number="138" hits="1"/>
						<line number="142" hits="1"/>
						<line number="143" hits="1"/>
						<line number="148" hits="1"/>
						<line number="149" hits="1"/>
						<line number="150" hits="1"/>
						<line number="151" hits="1"/>
						<line number="152" hits="1"/>
						<line number="153" hits="1"/>
						<line number="156" hits="1"/>
						<line number="157" hits="1"/>
						<line number="162" hits="1"/>
						<line number="163" hits="1"/>
						<line number="164" hits="1"/>
						<line number="165" hits="1"/>
						<line number="168" hits="1"/>
[...]
					<methods/>
					<lines>
						<line number="1" hits="1"/>
						<line number="2" hits="1"/>
						<line number="3" hits="1"/>
						<line number="5" hits="1"/>
						<line number="6" hits="1"/>
						<line number="7" hits="1"/>
						<line number="8" hits="1"/>
						<line number="10" hits="1"/>
						<line number="25" hits="1"/>
						<line number="26" hits="1"/>
						<line number="27" hits="1"/>
						<line number="30" hits="1"/>
						<line number="31" hits="1"/>
						<line number="32" hits="1"/>
						<line number="33" hits="1"/>
						<line number="35" hits="1"/>
						<line number="37" hits="1"/>
						<line number="38" hits="1"/>
						<line number="40" hits="1"/>
						<line number="43" hits="1"/>
						<line number="44" hits="1"/>
						<line number="45" hits="1"/>
						<line number="46" hits="1"/>
						<line number="48" hits="1"/>
						<line number="50" hits="1"/>
						<line number="57" hits="1"/>
						<line number="58" hits="1"/>
						<line number="61" hits="1"/>
						<line number="64" hits="1"/>
						<line number="69" hits="1"/>
						<line number="70" hits="1"/>
						<line number="71" hits="1"/>
						<line number="73" hits="1"/>
						<line number="75" hits="1"/>
						<line number="78" hits="1"/>
						<line number="80" hits="1"/>
						<line number="82" hits="1"/>
						<line number="84" hits="1"/>
						<line number="86" hits="1"/>
						<line number="87" hits="1"/>
						<line number="88" hits="1"/>
						<line number="90" hits="1"/>
						<line number="91" hits="1"/>
						<line number="92" hits="0"/>
						<line number="93" hits="0"/>
						<line number="98" hits="1"/>
						<line number="101" hits="1"/>
						<line number="102" hits="1"/>
						<line number="103" hits="1"/>
						<line number="104" hits="1"/>
						<line number="106" hits="1"/>
						<line number="107" hits="1"/>
						<line number="115" hits="1"/>
						<line number="116" hits="1"/>
						<line number="117" hits="1"/>
						<line number="118" hits="1"/>
						<line number="120" hits="1"/>
						<line number="122" hits="1"/>
						<line number="129" hits="1"/>
						<line number="134" hits="1"/>
						<line number="135" hits="1"/>
						<line number="137" hits="1"/>
						<line number="139" hits="1"/>
						<line number="145" hits="1"/>
						<line number="152" hits="1"/>
						<line number="153" hits="1"/>
						<line number="156" hits="1"/>
						<line number="157" hits="1"/>
						<line number="163" hits="1"/>
						<line number="164" hits="1"/>
						<line number="166" hits="1"/>
						<line number="167" hits="1"/>
						<line number="169" hits="1"/>
						<line number="170" hits="1"/>
						<line number="172" hits="1"/>
						<line number="173" hits="1"/>
						<line number="175" hits="1"/>
						<line number="182" hits="1"/>
						<line number="189" hits="1"/>
						<line number="197" hits="1"/>
						<line number="198" hits="1"/>
						<line number="204" hits="1"/>
						<line number="205" hits="1"/>
						<line number="207" hits="1"/>
						<line number="209" hits="1"/>
						<line number="217" hits="1"/>
						<line number="218" hits="1"/>
						<line number="219" hits="1"/>
						<line number="220" hits="1"/>
						<line number="222" hits="1"/>
						<line number="224" hits="1"/>
						<line number="232" hits="1"/>
						<line number="233" hits="1"/>
						<line number="239" hits="1"/>
						<line number="240" hits="1"/>
						<line number="241" hits="1"/>
						<line number="243" hits="1"/>
						<line number="245" hits="1"/>
						<line number="247" hits="1"/>
						<line number="252" hits="1"/>
						<line number="255" hits="1"/>
						<line number="256" hits="1"/>
						<line number="257" hits="1"/>
						<line number="259" hits="1"/>
						<line number="260" hits="1"/>
						<line number="262" hits="1"/>
						<line number="263" hits="1"/>
						<line number="265" hits="1"/>
						<line number="266" hits="1"/>
						<line number="267" hits="1"/>
						<line number="269" hits="1"/>
						<line number="271" hits="1"/>
						<line number="272" hits="1"/>
						<line number="276" hits="1"/>
						<line number="277" hits="1"/>
						<line number="279" hits="1" branch="true" condition-coverage="100% (2/2)"/>
						<line number="280" hits="1"/>
						<line number="281" hits="1"/>
						<line number="283" hits="1"/>
						<line number="291" hits="1"/>
						<line number="297" hits="1"/>
						<line number="298" hits="1"/>
						<line number="300" hits="1"/>
						<line number="301" hits="1"/>
						<line number="303" hits="1"/>
						<line number="305" hits="1"/>
						<line number="313" hits="1"/>
						<line number="319" hits="1"/>
						<line number="320" hits="1"/>
						<line number="322" hits="1"/>
						<line number="323" hits="1"/>
						<line number="325" hits="1"/>
						<line number="327" hits="1"/>
						<line number="333" hits="1"/>
						<line number="334" hits="1"/>
						<line number="335" hits="1"/>
						<line number="336" hits="1"/>
						<line number="338" hits="1"/>
						<line number="340" hits="1"/>
						<line number="347" hits="1"/>
						<line number="348" hits="1"/>
						<line number="349" hits="1"/>
						<line number="351" hits="1"/>
						<line number="353" hits="1"/>
						<line number="361" hits="1"/>
						<line number="362" hits="1"/>
						<line number="363" hits="1"/>
						<line number="364" hits="1"/>
						<line number="365" hits="1"/>
						<line number="367" hits="1"/>
						<line number="369" hits="1"/>
						<line number="371" hits="1"/>
						<line number="374" hits="1"/>
						<line number="378" hits="1"/>
						<line number="383" hits="1"/>
						<line number="384" hits="1"/>
						<line number="385" hits="1"/>
						<line number="386" hits="1"/>
						<line number="388" hits="1"/>
						<line number="392" hits="1"/>
						<line number="393" hits="1"/>
						<line number="395" hits="1"/>
						<line number="398" hits="1"/>
						<line number="402" hits="1"/>
						<line number="407" hits="1"/>
						<line number="408" hits="1"/>
						<line number="409" hits="1"/>
						<line number="410" hits="1"/>
						<line number="412" hits="1" branch="true" condition-coverage="100% (2/2)"/>
						<line number="413" hits="1"/>
						<line number="417" hits="1"/>
						<line number="419" hits="1"/>
						<line number="420" hits="1"/>
						<line number="424" hits="1"/>
						<line number="430" hits="1"/>
						<line number="431" hits="1"/>
						<line number="433" hits="1"/>
						<line number="435" hits="1"/>
						<line number="442" hits="1"/>
						<line number="443" hits="1"/>
						<line number="444" hits="1"/>
						<line number="445" hits="1"/>
						<line number="447" hits="1"/>
						<line number="448" hits="1"/>
						<line number="450" hits="1"/>
						<line number="451" hits="1"/>
						<line number="454" hits="1"/>
						<line number="455" hits="1"/>
						<line number="456" hits="1"/>
						<line number="457" hits="1"/>
						<line number="458" hits="1"/>
						<line number="460" hits="1"/>
						<line number="462" hits="1"/>
						<line number="463" hits="1"/>
						<line number="464" hits="1"/>
						<line number="466" hits="1"/>
						<line number="467" hits="1"/>
						<line number="468" hits="1"/>
						<line number="469" hits="1"/>
						<line number="471" hits="1"/>
						<line number="476" hits="1"/>
						<line number="477" hits="1"/>
						<line number="478" hits="1"/>
						<line number="480" hits="1"/>
						<line number="481" hits="1"/>
						<line number="482" hits="1"/>
						<line number="483" hits="1"/>
						<line number="485" hits="1"/>
						<line number="490" hits="1"/>
						<line number="492" hits="1"/>
						<line number="493" hits="1"/>
						<line number="494" hits="1"/>
						<line number="495" hits="1"/>
						<line number="497" hits="1"/>
						<line number="502" hits="1"/>
						<line number="504" hits="1"/>
						<line number="505" hits="1"/>
						<line number="506" hits="1"/>
						<line number="507" hits="1"/>
						<line number="509" hits="1"/>
						<line number="510" hits="1"/>
						<line number="515" hits="1"/>
						<line number="516" hits="1"/>
						<line number="517" hits="1"/>
						<line number="518" hits="1"/>
						<line number="520" hits="1"/>
						<line number="521" hits="1"/>
						<line number="523" hits="1"/>
						<line number="524" hits="1"/>
						<line number="526" hits="1"/>
						<line number="527" hits="1"/>
						<line number="528" hits="1"/>
						<line number="529" hits="1"/>
						<line number="531" hits="1"/>
						<line number="532" hits="1"/>
						<line number="534" hits="1"/>
						<line number="535" hits="1"/>
						<line number="537" hits="1"/>
						<line number="538" hits="1"/>
						<line number="539" hits="1"/>
						<line number="540" hits="1"/>
						<line number="542" hits="1"/>
						<line number="543" hits="1"/>
						<line number="544" hits="1"/>
						<line number="545" hits="1"/>
						<line number="547" hits="1"/>
						<line number="556" hits="1"/>
						<line number="559" hits="1"/>
						<line number="565" hits="1"/>
						<line number="566" hits="1"/>
						<line number="567" hits="1"/>
						<line number="568" hits="1"/>
						<line number="569" hits="1"/>
						<line number="571" hits="1"/>
						<line number="576" hits="1"/>
						<line number="577" hits="1"/>
						<line number="578" hits="1"/>
						<line number="580" hits="1"/>
						<line number="586" hits="1"/>
						<line number="587" hits="1"/>
						<line number="588" hits="1"/>
						<line number="590" hits="1"/>
						<line number="591" hits="1"/>
						<line number="597" hits="1"/>
						<line number="602" hits="1"/>
						<line number="603" hits="1"/>
						<line number="604" hits="1"/>
						<line number="606" hits="1"/>
						<line number="607" hits="1"/>
						<line number="608" hits="1"/>
						<line number="609" hits="1"/>
						<line number="611" hits="1"/>
						<line number="620" hits="1"/>
						<line number="623" hits="1"/>
						<line number="629" hits="1"/>
						<line number="630" hits="1"/>
						<line number="636" hits="1"/>
						<line number="637" hits="1"/>
						<line number="639" hits="1"/>
						<line number="640" hits="1"/>
						<line number="641" hits="1"/>
						<line number="643" hits="1"/>
						<line number="644" hits="1"/>
						<line number="645" hits="1"/>
						<line number="647" hits="1"/>
						<line number="651" hits="1"/>
						<line number="655" hits="1"/>
						<line number="656" hits="1"/>
						<line number="662" hits="1"/>
						<line number="666" hits="1"/>
						<line number="667" hits="1"/>
						<line number="671" hits="1"/>
						<line number="677" hits="1"/>
						<line number="678" hits="1"/>
						<line number="680" hits="1"/>
						<line number="681" hits="1"/>
						<line number="682" hits="1"/>
						<line number="684" hits="1"/>
						<line number="685" hits="1"/>
						<line number="686" hits="1"/>
						<line number="687" hits="1"/>
						<line number="689" hits="1"/>
						<line number="690" hits="1"/>
						<line number="692" hits="1"/>
						<line number="693" hits="1"/>
						<line number="694" hits="1"/>
						<line number="695" hits="1"/>
						<line number="700" hits="1"/>
						<line number="702" hits="1"/>
						<line number="706" hits="1"/>
						<line number="707" hits="1"/>
						<line number="710" hits="1"/>
						<line number="712" hits="1"/>
						<line number="715" hits="1"/>
						<line number="720" hits="1"/>
						<line number="724" hits="1"/>
						<line number="728" hits="1"/>
						<line number="729" hits="1"/>
						<line number="732" hits="1"/>
						<line number="734" hits="1"/>
						<line number="738" hits="1"/>
						<line number="740" hits="1"/>
						<line number="744" hits="1"/>
						<line number="745" hits="1"/>
						<line number="748" hits="1"/>
						<line number="753" hits="1"/>
						<line number="757" hits="1"/>
						<line number="758" hits="1"/>
						<line number="760" hits="1"/>
						<line number="764" hits="1"/>
						<line number="765" hits="1"/>
						<line number="769" hits="1"/>
						<line number="771" hits="1"/>
						<line number="775" hits="1"/>
						<line number="776" hits="1"/>
						<line number="780" hits="1"/>
						<line number="782" hits="1"/>
						<line number="785" hits="1"/>
						<line number="787" hits="1"/>
						<line number="788" hits="1"/>
						<line number="793" hits="1"/>
						<line number="799" hits="1"/>
						<line number="803" hits="1"/>
						<line number="805" hits="1"/>
						<line number="806" hits="1"/>
						<line number="810" hits="1"/>
						<line number="816" hits="1"/>
						<line number="817" hits="1"/>
						<line number="819" hits="1"/>
						<line number="820" hits="1"/>
						<line number="821" hits="1"/>
						<line number="823" hits="1"/>
						<line number="824" hits="1"/>
						<line number="825" hits="1"/>
						<line number="827" hits="1"/>
						<line number="831" hits="1"/>
						<line number="835" hits="1"/>
						<line number="836" hits="1"/>
						<line number="841" hits="1"/>
						<line number="845" hits="1"/>
						<line number="846" hits="1"/>
						<line number="851" hits="1"/>
						<line number="852" hits="1"/>
						<line number="853" hits="1"/>
						<line number="854" hits="1"/>
						<line number="856" hits="1"/>
						<line number="857" hits="1"/>
						<line number="858" hits="1"/>
						<line number="860" hits="1"/>
						<line number="861" hits="1"/>
						<line number="862" hits="1"/>
						<line number="863" hits="1"/>
						<line number="865" hits="1"/>
						<line number="866" hits="1"/>
						<line number="868" hits="1"/>
						<line number="869" hits="1"/>
						<line number="870" hits="1"/>
						<line number="872" hits="1"/>
						<line number="876" hits="1"/>
						<line number="880" hits="1"/>
						<line number="882" hits="1"/>
						<line number="886" hits="1"/>
						<line number="888" hits="1"/>
						<line number="892" hits="1"/>
						<line number="895" hits="1"/>
						<line number="896" hits="1"/>
						<line number="899" hits="1"/>
						<line number="900" hits="1"/>
						<line number="906" hits="1"/>
						<line number="907" hits="1"/>
						<line number="909" hits="1"/>
						<line number="911" hits="1"/>
						<line number="913" hits="1"/>
						<line number="916" hits="1"/>
						<line number="917" hits="1"/>
						<line number="923" hits="1"/>
						<line number="924" hits="1"/>
						<line number="926" hits="1"/>
						<line number="929" hits="1"/>
						<line number="934" hits="1"/>
						<line number="935" hits="1"/>
						<line number="941" hits="1"/>
						<line number="942" hits="1"/>
						<line number="944" hits="1"/>
						<line number="945" hits="1"/>
						<line number="947" hits="1"/>
						<line number="949" hits="1"/>
						<line number="955" hits="1"/>
						<line number="956" hits="1"/>
						<line number="958" hits="1"/>
						<line number="962" hits="1"/>
						<line number="963" hits="1"/>
					</lines>
				</class>
				<class name="test_sql_values.py" filename="tests/utils/test_sql_values.py" complexity="0" line-rate="1" branch-rate="1">
					<methods/>
					<lines>
						<line number="1" hits="1"/>
						<line number="2" hits="1"/>
						<line number="3" hits="1"/>
						<line number="5" hits="1"/>
						<line number="7" hits="1"/>
						<line number="8" hits="1"/>
						<line number="9" hits="1"/>
						<line number="12" hits="1"/>
						<line number="13" hits="1"/>
						<line number="17" hits="1"/>
						<line number="24" hits="1"/>
						<line number="31" hits="1"/>
						<line number="36" hits="1"/>
						<line number="39" hits="1"/>
						<line number="41" hits="1"/>
						<line number="48" hits="1"/>
						<line number="53" hits="1"/>
						<line number="54" hits="1"/>
						<line number="56" hits="1"/>
						<line number="60" hits="1"/>
						<line number="64" hits="1"/>
						<line number="69" hits="1"/>
						<line number="74" hits="1"/>
						<line number="75" hits="1"/>
						<line number="76" hits="1"/>
						<line number="77" hits="1"/>
						<line number="79" hits="1"/>
						<line number="87" hits="1"/>
						<line number="88" hits="1"/>
						<line number="93" hits="1"/>
						<line number="95" hits="1"/>
						<line number="100" hits="1"/>
						<line number="101" hits="1"/>
					</lines>
				</class>
				<class name="test_sync.py" filename="tests/utils/test_sync.py" complexity="0" line-rate="1" branch-rate="1">
					<methods/>
					<lines>
						<line number="1" hits="1"/>
						<line number="2" hits="1"/>
						<line number="4" hits="1"/>
						<line number="7" hits="1"/>
						<line number="8" hits="1"/>
						<line number="12" hits="1"/>
						<line number="14" hits="1"/>
						<line number="19" hits="1"/>
						<line number="20" hits="1"/>
						<line number="22" hits="1"/>
						<line number="24" hits="1"/>
						<line number="29" hits="1"/>
						<line number="30" hits="1"/>
						<line number="32" hits="1"/>
						<line number="34" hits="1"/>
					</lines>
				</class>
				<class name="test_table_reflection.py" filename="tests/utils/test_table_reflection.py" complexity="0" line-rate="0.3103" branch-rate="0">
					<methods/>
					<lines>
						<line number="1" hits="1"/>
						<line number="3" hits="1"/>
						<line number="4" hits="1"/>
						<line number="5" hits="1"/>
						<line number="6" hits="1"/>
						<line number="7" hits="1"/>
						<line number="8" hits="1"/>
						<line number="11" hits="1"/>
						<line number="12" hits="1"/>
						<line number="13" hits="1"/>
						<line number="14" hits="0"/>
						<line number="15" hits="0" branch="true" condition-coverage="0% (0/2)" missing-branches="exit,16"/>
						<line number="16" hits="0"/>
						<line number="18" hits="1"/>
						<line number="19" hits="0"/>
						<line number="20" hits="0" branch="true" condition-coverage="0% (0/2)" missing-branches="exit,21"/>
						<line number="21" hits="0"/>
						<line number="23" hits="1"/>
						<line number="30" hits="0"/>
						<line number="33" hits="0" branch="true" condition-coverage="0% (0/2)" missing-branches="exit,34"/>
						<line number="34" hits="0"/>
						<line number="35" hits="0"/>
						<line number="38" hits="0"/>
						<line number="41" hits="0"/>
						<line number="44" hits="0" branch="true" condition-coverage="0% (0/2)" missing-branches="45,48"/>
						<line number="45" hits="0"/>
						<line number="48" hits="0"/>
						<line number="50" hits="1"/>
						<line number="51" hits="0"/>
						<line number="52" hits="0"/>
						<line number="53" hits="0"/>
						<line number="54" hits="0" branch="true" condition-coverage="0% (0/2)" missing-branches="exit,55"/>
						<line number="55" hits="0"/>
						<line number="59" hits="1"/>
						<line number="60" hits="0"/>
						<line number="61" hits="0"/>
						<line number="62" hits="0"/>
						<line number="63" hits="0"/>
						<line number="65" hits="1"/>
						<line number="66" hits="0"/>
						<line number="67" hits="0"/>
						<line number="68" hits="0"/>
						<line number="69" hits="0"/>
						<line number="71" hits="1"/>
						<line number="72" hits="0"/>
						<line number="73" hits="0"/>
						<line number="74" hits="0"/>
						<line number="76" hits="1"/>
						<line number="77" hits="0"/>
						<line number="79" hits="0"/>
						<line number="80" hits="0"/>
						<line number="82" hits="0"/>
						<line number="84" hits="0"/>
						<line number="85" hits="0"/>
						<line number="87" hits="1"/>
						<line number="88" hits="0"/>
						<line number="91" hits="0"/>
						<line number="92" hits="0"/>
					</lines>
				</class>
				<class name="test_warnings.py" filename="tests/utils/test_warnings.py" complexity="0" line-rate="1" branch-rate="1">
					<methods/>
					<lines>
						<line number="1" hits="1"/>
						<line number="3" hits="1"/>
						<line number="6" hits="1"/>
						<line number="7" hits="1"/>
						<line number="11" hits="1"/>
					</lines>
				</class>
			</classes>
		</package>
	</packages>
</coverage>
